{
  error: Error: Cannot find module 'bcrypt'
  Require stack:
  - F:\FYP Project\backend\src\utils\passwordGeneration.js
  - F:\FYP Project\backend\src\services\users.services.js
  - F:\FYP Project\backend\src\controllers\users.controllers.js
  - F:\FYP Project\backend\src\routes\users.js
  - F:\FYP Project\backend\app.js
  - F:\FYP Project\backend\bin\www
      at Module._resolveFilename (node:internal/modules/cjs/loader:1077:15)
      at Module._load (node:internal/modules/cjs/loader:922:27)
      at Module.require (node:internal/modules/cjs/loader:1143:19)
      at require (node:internal/modules/cjs/helpers:110:18)
      at Object.<anonymous> (F:\FYP Project\backend\src\utils\passwordGeneration.js:1:16)
      at Module._compile (node:internal/modules/cjs/loader:1256:14)
      at Module._extensions..js (node:internal/modules/cjs/loader:1310:10)
      at Module.load (node:internal/modules/cjs/loader:1119:32)
      at Module._load (node:internal/modules/cjs/loader:960:12)
      at Module.require (node:internal/modules/cjs/loader:1143:19) {
    code: 'MODULE_NOT_FOUND',
    requireStack: [
      'F:\\FYP Project\\backend\\src\\utils\\passwordGeneration.js',
      'F:\\FYP Project\\backend\\src\\services\\users.services.js',
      'F:\\FYP Project\\backend\\src\\controllers\\users.controllers.js',
      'F:\\FYP Project\\backend\\src\\routes\\users.js',
      'F:\\FYP Project\\backend\\app.js',
      'F:\\FYP Project\\backend\\bin\\www'
    ]
  },
  level: 'error',
  message: "uncaughtException: Cannot find module 'bcrypt'\n" +
    'Require stack:\n' +
    '- F:\\FYP Project\\backend\\src\\utils\\passwordGeneration.js\n' +
    '- F:\\FYP Project\\backend\\src\\services\\users.services.js\n' +
    '- F:\\FYP Project\\backend\\src\\controllers\\users.controllers.js\n' +
    '- F:\\FYP Project\\backend\\src\\routes\\users.js\n' +
    '- F:\\FYP Project\\backend\\app.js\n' +
    '- F:\\FYP Project\\backend\\bin\\www\n' +
    "Error: Cannot find module 'bcrypt'\n" +
    'Require stack:\n' +
    '- F:\\FYP Project\\backend\\src\\utils\\passwordGeneration.js\n' +
    '- F:\\FYP Project\\backend\\src\\services\\users.services.js\n' +
    '- F:\\FYP Project\\backend\\src\\controllers\\users.controllers.js\n' +
    '- F:\\FYP Project\\backend\\src\\routes\\users.js\n' +
    '- F:\\FYP Project\\backend\\app.js\n' +
    '- F:\\FYP Project\\backend\\bin\\www\n' +
    '    at Module._resolveFilename (node:internal/modules/cjs/loader:1077:15)\n' +
    '    at Module._load (node:internal/modules/cjs/loader:922:27)\n' +
    '    at Module.require (node:internal/modules/cjs/loader:1143:19)\n' +
    '    at require (node:internal/modules/cjs/helpers:110:18)\n' +
    '    at Object.<anonymous> (F:\\FYP Project\\backend\\src\\utils\\passwordGeneration.js:1:16)\n' +
    '    at Module._compile (node:internal/modules/cjs/loader:1256:14)\n' +
    '    at Module._extensions..js (node:internal/modules/cjs/loader:1310:10)\n' +
    '    at Module.load (node:internal/modules/cjs/loader:1119:32)\n' +
    '    at Module._load (node:internal/modules/cjs/loader:960:12)\n' +
    '    at Module.require (node:internal/modules/cjs/loader:1143:19)',
  stack: "Error: Cannot find module 'bcrypt'\n" +
    'Require stack:\n' +
    '- F:\\FYP Project\\backend\\src\\utils\\passwordGeneration.js\n' +
    '- F:\\FYP Project\\backend\\src\\services\\users.services.js\n' +
    '- F:\\FYP Project\\backend\\src\\controllers\\users.controllers.js\n' +
    '- F:\\FYP Project\\backend\\src\\routes\\users.js\n' +
    '- F:\\FYP Project\\backend\\app.js\n' +
    '- F:\\FYP Project\\backend\\bin\\www\n' +
    '    at Module._resolveFilename (node:internal/modules/cjs/loader:1077:15)\n' +
    '    at Module._load (node:internal/modules/cjs/loader:922:27)\n' +
    '    at Module.require (node:internal/modules/cjs/loader:1143:19)\n' +
    '    at require (node:internal/modules/cjs/helpers:110:18)\n' +
    '    at Object.<anonymous> (F:\\FYP Project\\backend\\src\\utils\\passwordGeneration.js:1:16)\n' +
    '    at Module._compile (node:internal/modules/cjs/loader:1256:14)\n' +
    '    at Module._extensions..js (node:internal/modules/cjs/loader:1310:10)\n' +
    '    at Module.load (node:internal/modules/cjs/loader:1119:32)\n' +
    '    at Module._load (node:internal/modules/cjs/loader:960:12)\n' +
    '    at Module.require (node:internal/modules/cjs/loader:1143:19)',
  exception: true,
  date: 'Wed Sep 06 2023 04:04:17 GMT+0500 (Pakistan Standard Time)',
  process: {
    pid: 12656,
    uid: null,
    gid: null,
    cwd: 'F:\\FYP Project\\backend',
    execPath: 'C:\\Program Files\\nodejs\\node.exe',
    version: 'v18.16.1',
    argv: [
      'C:\\Program Files\\nodejs\\node.exe',
      'F:\\FYP Project\\backend\\bin\\www'
    ],
    memoryUsage: {
      rss: 73814016,
      heapTotal: 36442112,
      heapUsed: 26982168,
      external: 20117108,
      arrayBuffers: 19278029
    }
  },
  os: { loadavg: [ 0, 0, 0 ], uptime: 179804.796 },
  trace: [
    {
      column: 15,
      file: 'node:internal/modules/cjs/loader',
      function: 'Module._resolveFilename',
      line: 1077,
      method: '_resolveFilename',
      native: false
    },
    {
      column: 27,
      file: 'node:internal/modules/cjs/loader',
      function: 'Module._load',
      line: 922,
      method: '_load',
      native: false
    },
    {
      column: 19,
      file: 'node:internal/modules/cjs/loader',
      function: 'Module.require',
      line: 1143,
      method: 'require',
      native: false
    },
    {
      column: 18,
      file: 'node:internal/modules/cjs/helpers',
      function: 'require',
      line: 110,
      method: null,
      native: false
    },
    {
      column: 16,
      file: 'F:\\FYP Project\\backend\\src\\utils\\passwordGeneration.js',
      function: null,
      line: 1,
      method: null,
      native: false
    },
    {
      column: 14,
      file: 'node:internal/modules/cjs/loader',
      function: 'Module._compile',
      line: 1256,
      method: '_compile',
      native: false
    },
    {
      column: 10,
      file: 'node:internal/modules/cjs/loader',
      function: 'Module._extensions..js',
      line: 1310,
      method: '.js',
      native: false
    },
    {
      column: 32,
      file: 'node:internal/modules/cjs/loader',
      function: 'Module.load',
      line: 1119,
      method: 'load',
      native: false
    },
    {
      column: 12,
      file: 'node:internal/modules/cjs/loader',
      function: 'Module._load',
      line: 960,
      method: '_load',
      native: false
    },
    {
      column: 19,
      file: 'node:internal/modules/cjs/loader',
      function: 'Module.require',
      line: 1143,
      method: 'require',
      native: false
    }
  ],
  timestamp: '2023-09-05T23:04:17.291Z'
}
{
  error: ReferenceError: infoLogger is not defined
      at Object.<anonymous> (F:\FYP Project\backend\app.js:25:37)
      at Module._compile (node:internal/modules/cjs/loader:1256:14)
      at Module._extensions..js (node:internal/modules/cjs/loader:1310:10)
      at Module.load (node:internal/modules/cjs/loader:1119:32)
      at Module._load (node:internal/modules/cjs/loader:960:12)
      at Module.require (node:internal/modules/cjs/loader:1143:19)
      at require (node:internal/modules/cjs/helpers:110:18)
      at Object.<anonymous> (F:\FYP Project\backend\bin\www:7:11)
      at Module._compile (node:internal/modules/cjs/loader:1256:14)
      at Module._extensions..js (node:internal/modules/cjs/loader:1310:10),
  level: 'error',
  message: 'uncaughtException: infoLogger is not defined\n' +
    'ReferenceError: infoLogger is not defined\n' +
    '    at Object.<anonymous> (F:\\FYP Project\\backend\\app.js:25:37)\n' +
    '    at Module._compile (node:internal/modules/cjs/loader:1256:14)\n' +
    '    at Module._extensions..js (node:internal/modules/cjs/loader:1310:10)\n' +
    '    at Module.load (node:internal/modules/cjs/loader:1119:32)\n' +
    '    at Module._load (node:internal/modules/cjs/loader:960:12)\n' +
    '    at Module.require (node:internal/modules/cjs/loader:1143:19)\n' +
    '    at require (node:internal/modules/cjs/helpers:110:18)\n' +
    '    at Object.<anonymous> (F:\\FYP Project\\backend\\bin\\www:7:11)\n' +
    '    at Module._compile (node:internal/modules/cjs/loader:1256:14)\n' +
    '    at Module._extensions..js (node:internal/modules/cjs/loader:1310:10)',
  stack: 'ReferenceError: infoLogger is not defined\n' +
    '    at Object.<anonymous> (F:\\FYP Project\\backend\\app.js:25:37)\n' +
    '    at Module._compile (node:internal/modules/cjs/loader:1256:14)\n' +
    '    at Module._extensions..js (node:internal/modules/cjs/loader:1310:10)\n' +
    '    at Module.load (node:internal/modules/cjs/loader:1119:32)\n' +
    '    at Module._load (node:internal/modules/cjs/loader:960:12)\n' +
    '    at Module.require (node:internal/modules/cjs/loader:1143:19)\n' +
    '    at require (node:internal/modules/cjs/helpers:110:18)\n' +
    '    at Object.<anonymous> (F:\\FYP Project\\backend\\bin\\www:7:11)\n' +
    '    at Module._compile (node:internal/modules/cjs/loader:1256:14)\n' +
    '    at Module._extensions..js (node:internal/modules/cjs/loader:1310:10)',
  exception: true,
  date: 'Wed Sep 06 2023 04:04:54 GMT+0500 (Pakistan Standard Time)',
  process: {
    pid: 13028,
    uid: null,
    gid: null,
    cwd: 'F:\\FYP Project\\backend',
    execPath: 'C:\\Program Files\\nodejs\\node.exe',
    version: 'v18.16.1',
    argv: [
      'C:\\Program Files\\nodejs\\node.exe',
      'F:\\FYP Project\\backend\\bin\\www'
    ],
    memoryUsage: {
      rss: 75829248,
      heapTotal: 38801408,
      heapUsed: 26565744,
      external: 19528810,
      arrayBuffers: 18595283
    }
  },
  os: { loadavg: [ 0, 0, 0 ], uptime: 179842.078 },
  trace: [
    {
      column: 37,
      file: 'F:\\FYP Project\\backend\\app.js',
      function: null,
      line: 25,
      method: null,
      native: false
    },
    {
      column: 14,
      file: 'node:internal/modules/cjs/loader',
      function: 'Module._compile',
      line: 1256,
      method: '_compile',
      native: false
    },
    {
      column: 10,
      file: 'node:internal/modules/cjs/loader',
      function: 'Module._extensions..js',
      line: 1310,
      method: '.js',
      native: false
    },
    {
      column: 32,
      file: 'node:internal/modules/cjs/loader',
      function: 'Module.load',
      line: 1119,
      method: 'load',
      native: false
    },
    {
      column: 12,
      file: 'node:internal/modules/cjs/loader',
      function: 'Module._load',
      line: 960,
      method: '_load',
      native: false
    },
    {
      column: 19,
      file: 'node:internal/modules/cjs/loader',
      function: 'Module.require',
      line: 1143,
      method: 'require',
      native: false
    },
    {
      column: 18,
      file: 'node:internal/modules/cjs/helpers',
      function: 'require',
      line: 110,
      method: null,
      native: false
    },
    {
      column: 11,
      file: 'F:\\FYP Project\\backend\\bin\\www',
      function: null,
      line: 7,
      method: null,
      native: false
    },
    {
      column: 14,
      file: 'node:internal/modules/cjs/loader',
      function: 'Module._compile',
      line: 1256,
      method: '_compile',
      native: false
    },
    {
      column: 10,
      file: 'node:internal/modules/cjs/loader',
      function: 'Module._extensions..js',
      line: 1310,
      method: '.js',
      native: false
    }
  ],
  timestamp: '2023-09-05T23:04:54.570Z'
}
{
  error: MongoServerError: bad auth : authentication failed
      at Connection.onMessage (F:\FYP Project\backend\node_modules\mongodb\lib\cmap\connection.js:202:26)
      at MessageStream.<anonymous> (F:\FYP Project\backend\node_modules\mongodb\lib\cmap\connection.js:61:60)
      at MessageStream.emit (node:events:513:28)
      at processIncomingData (F:\FYP Project\backend\node_modules\mongodb\lib\cmap\message_stream.js:124:16)
      at MessageStream._write (F:\FYP Project\backend\node_modules\mongodb\lib\cmap\message_stream.js:33:9)
      at writeOrBuffer (node:internal/streams/writable:392:12)
      at _write (node:internal/streams/writable:333:10)
      at Writable.write (node:internal/streams/writable:337:10)
      at TLSSocket.ondata (node:internal/streams/readable:766:22)
      at TLSSocket.emit (node:events:513:28) {
    ok: 0,
    code: 8000,
    codeName: 'AtlasError',
    connectionGeneration: 0,
    [Symbol(errorLabels)]: Set(2) { 'HandshakeError', 'ResetPool' }
  },
  level: 'error',
  message: 'uncaughtException: bad auth : authentication failed\n' +
    'MongoServerError: bad auth : authentication failed\n' +
    '    at Connection.onMessage (F:\\FYP Project\\backend\\node_modules\\mongodb\\lib\\cmap\\connection.js:202:26)\n' +
    '    at MessageStream.<anonymous> (F:\\FYP Project\\backend\\node_modules\\mongodb\\lib\\cmap\\connection.js:61:60)\n' +
    '    at MessageStream.emit (node:events:513:28)\n' +
    '    at processIncomingData (F:\\FYP Project\\backend\\node_modules\\mongodb\\lib\\cmap\\message_stream.js:124:16)\n' +
    '    at MessageStream._write (F:\\FYP Project\\backend\\node_modules\\mongodb\\lib\\cmap\\message_stream.js:33:9)\n' +
    '    at writeOrBuffer (node:internal/streams/writable:392:12)\n' +
    '    at _write (node:internal/streams/writable:333:10)\n' +
    '    at Writable.write (node:internal/streams/writable:337:10)\n' +
    '    at TLSSocket.ondata (node:internal/streams/readable:766:22)\n' +
    '    at TLSSocket.emit (node:events:513:28)',
  stack: 'MongoServerError: bad auth : authentication failed\n' +
    '    at Connection.onMessage (F:\\FYP Project\\backend\\node_modules\\mongodb\\lib\\cmap\\connection.js:202:26)\n' +
    '    at MessageStream.<anonymous> (F:\\FYP Project\\backend\\node_modules\\mongodb\\lib\\cmap\\connection.js:61:60)\n' +
    '    at MessageStream.emit (node:events:513:28)\n' +
    '    at processIncomingData (F:\\FYP Project\\backend\\node_modules\\mongodb\\lib\\cmap\\message_stream.js:124:16)\n' +
    '    at MessageStream._write (F:\\FYP Project\\backend\\node_modules\\mongodb\\lib\\cmap\\message_stream.js:33:9)\n' +
    '    at writeOrBuffer (node:internal/streams/writable:392:12)\n' +
    '    at _write (node:internal/streams/writable:333:10)\n' +
    '    at Writable.write (node:internal/streams/writable:337:10)\n' +
    '    at TLSSocket.ondata (node:internal/streams/readable:766:22)\n' +
    '    at TLSSocket.emit (node:events:513:28)',
  exception: true,
  date: 'Wed Sep 06 2023 04:13:49 GMT+0500 (Pakistan Standard Time)',
  process: {
    pid: 9384,
    uid: null,
    gid: null,
    cwd: 'F:\\FYP Project\\backend',
    execPath: 'C:\\Program Files\\nodejs\\node.exe',
    version: 'v18.16.1',
    argv: [
      'C:\\Program Files\\nodejs\\node.exe',
      'F:\\FYP Project\\backend\\bin\\www'
    ],
    memoryUsage: {
      rss: 78409728,
      heapTotal: 40112128,
      heapUsed: 29112312,
      external: 19635318,
      arrayBuffers: 18677143
    }
  },
  os: { loadavg: [ 0, 0, 0 ], uptime: 180377.14 },
  trace: [
    {
      column: 26,
      file: 'F:\\FYP Project\\backend\\node_modules\\mongodb\\lib\\cmap\\connection.js',
      function: 'Connection.onMessage',
      line: 202,
      method: 'onMessage',
      native: false
    },
    {
      column: 60,
      file: 'F:\\FYP Project\\backend\\node_modules\\mongodb\\lib\\cmap\\connection.js',
      function: null,
      line: 61,
      method: null,
      native: false
    },
    {
      column: 28,
      file: 'node:events',
      function: 'MessageStream.emit',
      line: 513,
      method: 'emit',
      native: false
    },
    {
      column: 16,
      file: 'F:\\FYP Project\\backend\\node_modules\\mongodb\\lib\\cmap\\message_stream.js',
      function: 'processIncomingData',
      line: 124,
      method: null,
      native: false
    },
    {
      column: 9,
      file: 'F:\\FYP Project\\backend\\node_modules\\mongodb\\lib\\cmap\\message_stream.js',
      function: 'MessageStream._write',
      line: 33,
      method: '_write',
      native: false
    },
    {
      column: 12,
      file: 'node:internal/streams/writable',
      function: 'writeOrBuffer',
      line: 392,
      method: null,
      native: false
    },
    {
      column: 10,
      file: 'node:internal/streams/writable',
      function: '_write',
      line: 333,
      method: null,
      native: false
    },
    {
      column: 10,
      file: 'node:internal/streams/writable',
      function: 'Writable.write',
      line: 337,
      method: 'write',
      native: false
    },
    {
      column: 22,
      file: 'node:internal/streams/readable',
      function: 'TLSSocket.ondata',
      line: 766,
      method: 'ondata',
      native: false
    },
    {
      column: 28,
      file: 'node:events',
      function: 'TLSSocket.emit',
      line: 513,
      method: 'emit',
      native: false
    }
  ],
  timestamp: '2023-09-05T23:13:49.634Z'
}
{
  errorStatus: 400,
  errorName: 'Reference Error',
  functionReference: 'Object.signup (F:\\FYP Project\\backend\\src\\services\\users.services.js:11:5)',
  requestPath: '/users/signup',
  requestMethod: 'POST',
  ip: '::1',
  level: 'error',
  message: 'isUserAvailableUsingEmail is not defined',
  timestamp: '2023-09-05T23:26:18.500Z'
}
{
  errorStatus: 400,
  errorName: 'Reference Error',
  functionReference: 'Object.signup (F:\\FYP Project\\backend\\src\\services\\users.services.js:11:5)',
  requestPath: '/users/signup',
  requestMethod: 'POST',
  ip: '::1',
  level: 'error',
  message: 'isUserAvailableUsingEmail is not defined',
  timestamp: '2023-09-05T23:27:45.561Z'
}
{
  errorStatus: 400,
  errorName: 'Reference Error',
  functionReference: 'Object.signup (F:\\FYP Project\\backend\\src\\services\\users.services.js:11:5)',
  requestPath: '/users/signup',
  requestMethod: 'POST',
  ip: '::1',
  level: 'error',
  message: 'isUserAvailableUsingEmail is not defined',
  timestamp: '2023-09-05T23:27:52.555Z'
}
{
  errorStatus: 400,
  errorName: 'Reference Error',
  functionReference: 'Object.signup (F:\\FYP Project\\backend\\src\\services\\users.services.js:11:5)',
  requestPath: '/users/signup',
  requestMethod: 'POST',
  ip: '::1',
  level: 'error',
  message: 'isUserAvailableUsingEmail is not defined',
  timestamp: '2023-09-05T23:28:13.566Z'
}
{
  errorStatus: 400,
  errorName: 'Reference Error',
  functionReference: 'Object.signup (F:\\FYP Project\\backend\\src\\services\\users.services.js:27:5)',
  requestPath: '/users/signup',
  requestMethod: 'POST',
  ip: '::1',
  level: 'error',
  message: 'Local_Strategy is not defined',
  timestamp: '2023-09-05T23:28:55.128Z'
}
{
  errorStatus: 400,
  errorName: 'Reference Error',
  functionReference: 'Object.signup (F:\\FYP Project\\backend\\src\\services\\users.services.js:13:9)',
  requestPath: '/users/signup',
  requestMethod: 'POST',
  ip: '::1',
  level: 'error',
  message: 'createHttpError is not defined',
  timestamp: '2023-09-05T23:29:42.481Z'
}
{
  errorStatus: 409,
  errorName: 'Conflict Error',
  functionReference: 'Object.signup (F:\\FYP Project\\backend\\src\\services\\users.services.js:13:15)',
  requestPath: '/users/signup',
  requestMethod: 'POST',
  ip: '::1',
  level: 'error',
  message: 'User with current email already exists',
  timestamp: '2023-09-05T23:30:38.730Z'
}
{
  errorStatus: 400,
  errorName: 'Reference Error',
  functionReference: 'Object.signup (F:\\FYP Project\\backend\\src\\services\\users.services.js:28:34)',
  requestPath: '/users/signup',
  requestMethod: 'POST',
  ip: '::1',
  level: 'error',
  message: 'userId is not defined',
  timestamp: '2023-09-05T23:32:16.895Z'
}
