{
  message: '::1 - - [07/Sep/2023:16:36:54 +0000] "POST /users/signup HTTP/1.1" 201 725 "-" "PostmanRuntime/7.32.3"\n',
  level: 'info',
  timestamp: '2023-09-07T16:36:54.544Z'
}
{
  message: '::1 - - [07/Sep/2023:16:37:05 +0000] "POST /users/signin HTTP/1.1" 401 87 "-" "PostmanRuntime/7.32.3"\n',
  level: 'info',
  timestamp: '2023-09-07T16:37:05.807Z'
}
{
  message: '::1 - - [07/Sep/2023:16:37:18 +0000] "POST /users/signin HTTP/1.1" 200 725 "-" "PostmanRuntime/7.32.3"\n',
  level: 'info',
  timestamp: '2023-09-07T16:37:18.038Z'
}
{
  message: '::1 - - [07/Sep/2023:16:38:21 +0000] "GET /users/me HTTP/1.1" 200 174 "-" "PostmanRuntime/7.32.3"\n',
  level: 'info',
  timestamp: '2023-09-07T16:38:21.445Z'
}
{
  error: ReferenceError: userController is not defined
      at Object.<anonymous> (F:\FYP Project\backend\src\routes\admins.js:6:24)
      at Module._compile (node:internal/modules/cjs/loader:1256:14)
      at Module._extensions..js (node:internal/modules/cjs/loader:1310:10)
      at Module.load (node:internal/modules/cjs/loader:1119:32)
      at Module._load (node:internal/modules/cjs/loader:960:12)
      at Module.require (node:internal/modules/cjs/loader:1143:19)
      at require (node:internal/modules/cjs/helpers:110:18)
      at Object.<anonymous> (F:\FYP Project\backend\app.js:15:20)
      at Module._compile (node:internal/modules/cjs/loader:1256:14)
      at Module._extensions..js (node:internal/modules/cjs/loader:1310:10),
  level: 'error',
  message: 'uncaughtException: userController is not defined\n' +
    'ReferenceError: userController is not defined\n' +
    '    at Object.<anonymous> (F:\\FYP Project\\backend\\src\\routes\\admins.js:6:24)\n' +
    '    at Module._compile (node:internal/modules/cjs/loader:1256:14)\n' +
    '    at Module._extensions..js (node:internal/modules/cjs/loader:1310:10)\n' +
    '    at Module.load (node:internal/modules/cjs/loader:1119:32)\n' +
    '    at Module._load (node:internal/modules/cjs/loader:960:12)\n' +
    '    at Module.require (node:internal/modules/cjs/loader:1143:19)\n' +
    '    at require (node:internal/modules/cjs/helpers:110:18)\n' +
    '    at Object.<anonymous> (F:\\FYP Project\\backend\\app.js:15:20)\n' +
    '    at Module._compile (node:internal/modules/cjs/loader:1256:14)\n' +
    '    at Module._extensions..js (node:internal/modules/cjs/loader:1310:10)',
  stack: 'ReferenceError: userController is not defined\n' +
    '    at Object.<anonymous> (F:\\FYP Project\\backend\\src\\routes\\admins.js:6:24)\n' +
    '    at Module._compile (node:internal/modules/cjs/loader:1256:14)\n' +
    '    at Module._extensions..js (node:internal/modules/cjs/loader:1310:10)\n' +
    '    at Module.load (node:internal/modules/cjs/loader:1119:32)\n' +
    '    at Module._load (node:internal/modules/cjs/loader:960:12)\n' +
    '    at Module.require (node:internal/modules/cjs/loader:1143:19)\n' +
    '    at require (node:internal/modules/cjs/helpers:110:18)\n' +
    '    at Object.<anonymous> (F:\\FYP Project\\backend\\app.js:15:20)\n' +
    '    at Module._compile (node:internal/modules/cjs/loader:1256:14)\n' +
    '    at Module._extensions..js (node:internal/modules/cjs/loader:1310:10)',
  exception: true,
  date: 'Thu Sep 07 2023 21:40:51 GMT+0500 (Pakistan Standard Time)',
  process: {
    pid: 12656,
    uid: null,
    gid: null,
    cwd: 'F:\\FYP Project\\backend',
    execPath: 'C:\\Program Files\\nodejs\\node.exe',
    version: 'v18.16.1',
    argv: [
      'C:\\Program Files\\nodejs\\node.exe',
      'F:\\FYP Project\\backend\\bin\\www'
    ],
    memoryUsage: {
      rss: 76156928,
      heapTotal: 40636416,
      heapUsed: 26108096,
      external: 19425581,
      arrayBuffers: 18475029
    }
  },
  os: { loadavg: [ 0, 0, 0 ], uptime: 62758.859 },
  trace: [
    {
      column: 24,
      file: 'F:\\FYP Project\\backend\\src\\routes\\admins.js',
      function: null,
      line: 6,
      method: null,
      native: false
    },
    {
      column: 14,
      file: 'node:internal/modules/cjs/loader',
      function: 'Module._compile',
      line: 1256,
      method: '_compile',
      native: false
    },
    {
      column: 10,
      file: 'node:internal/modules/cjs/loader',
      function: 'Module._extensions..js',
      line: 1310,
      method: '.js',
      native: false
    },
    {
      column: 32,
      file: 'node:internal/modules/cjs/loader',
      function: 'Module.load',
      line: 1119,
      method: 'load',
      native: false
    },
    {
      column: 12,
      file: 'node:internal/modules/cjs/loader',
      function: 'Module._load',
      line: 960,
      method: '_load',
      native: false
    },
    {
      column: 19,
      file: 'node:internal/modules/cjs/loader',
      function: 'Module.require',
      line: 1143,
      method: 'require',
      native: false
    },
    {
      column: 18,
      file: 'node:internal/modules/cjs/helpers',
      function: 'require',
      line: 110,
      method: null,
      native: false
    },
    {
      column: 20,
      file: 'F:\\FYP Project\\backend\\app.js',
      function: null,
      line: 15,
      method: null,
      native: false
    },
    {
      column: 14,
      file: 'node:internal/modules/cjs/loader',
      function: 'Module._compile',
      line: 1256,
      method: '_compile',
      native: false
    },
    {
      column: 10,
      file: 'node:internal/modules/cjs/loader',
      function: 'Module._extensions..js',
      line: 1310,
      method: '.js',
      native: false
    }
  ],
  timestamp: '2023-09-07T16:40:51.185Z'
}
{
  error: ReferenceError: userController is not defined
      at Object.<anonymous> (F:\FYP Project\backend\src\routes\admins.js:6:24)
      at Module._compile (node:internal/modules/cjs/loader:1256:14)
      at Module._extensions..js (node:internal/modules/cjs/loader:1310:10)
      at Module.load (node:internal/modules/cjs/loader:1119:32)
      at Module._load (node:internal/modules/cjs/loader:960:12)
      at Module.require (node:internal/modules/cjs/loader:1143:19)
      at require (node:internal/modules/cjs/helpers:110:18)
      at Object.<anonymous> (F:\FYP Project\backend\app.js:15:20)
      at Module._compile (node:internal/modules/cjs/loader:1256:14)
      at Module._extensions..js (node:internal/modules/cjs/loader:1310:10),
  level: 'error',
  message: 'uncaughtException: userController is not defined\n' +
    'ReferenceError: userController is not defined\n' +
    '    at Object.<anonymous> (F:\\FYP Project\\backend\\src\\routes\\admins.js:6:24)\n' +
    '    at Module._compile (node:internal/modules/cjs/loader:1256:14)\n' +
    '    at Module._extensions..js (node:internal/modules/cjs/loader:1310:10)\n' +
    '    at Module.load (node:internal/modules/cjs/loader:1119:32)\n' +
    '    at Module._load (node:internal/modules/cjs/loader:960:12)\n' +
    '    at Module.require (node:internal/modules/cjs/loader:1143:19)\n' +
    '    at require (node:internal/modules/cjs/helpers:110:18)\n' +
    '    at Object.<anonymous> (F:\\FYP Project\\backend\\app.js:15:20)\n' +
    '    at Module._compile (node:internal/modules/cjs/loader:1256:14)\n' +
    '    at Module._extensions..js (node:internal/modules/cjs/loader:1310:10)',
  stack: 'ReferenceError: userController is not defined\n' +
    '    at Object.<anonymous> (F:\\FYP Project\\backend\\src\\routes\\admins.js:6:24)\n' +
    '    at Module._compile (node:internal/modules/cjs/loader:1256:14)\n' +
    '    at Module._extensions..js (node:internal/modules/cjs/loader:1310:10)\n' +
    '    at Module.load (node:internal/modules/cjs/loader:1119:32)\n' +
    '    at Module._load (node:internal/modules/cjs/loader:960:12)\n' +
    '    at Module.require (node:internal/modules/cjs/loader:1143:19)\n' +
    '    at require (node:internal/modules/cjs/helpers:110:18)\n' +
    '    at Object.<anonymous> (F:\\FYP Project\\backend\\app.js:15:20)\n' +
    '    at Module._compile (node:internal/modules/cjs/loader:1256:14)\n' +
    '    at Module._extensions..js (node:internal/modules/cjs/loader:1310:10)',
  exception: true,
  date: 'Thu Sep 07 2023 21:41:59 GMT+0500 (Pakistan Standard Time)',
  process: {
    pid: 6080,
    uid: null,
    gid: null,
    cwd: 'F:\\FYP Project\\backend',
    execPath: 'C:\\Program Files\\nodejs\\node.exe',
    version: 'v18.16.1',
    argv: [
      'C:\\Program Files\\nodejs\\node.exe',
      'F:\\FYP Project\\backend\\bin\\www'
    ],
    memoryUsage: {
      rss: 76353536,
      heapTotal: 40636416,
      heapUsed: 26179160,
      external: 19445346,
      arrayBuffers: 18494794
    }
  },
  os: { loadavg: [ 0, 0, 0 ], uptime: 62827.578 },
  trace: [
    {
      column: 24,
      file: 'F:\\FYP Project\\backend\\src\\routes\\admins.js',
      function: null,
      line: 6,
      method: null,
      native: false
    },
    {
      column: 14,
      file: 'node:internal/modules/cjs/loader',
      function: 'Module._compile',
      line: 1256,
      method: '_compile',
      native: false
    },
    {
      column: 10,
      file: 'node:internal/modules/cjs/loader',
      function: 'Module._extensions..js',
      line: 1310,
      method: '.js',
      native: false
    },
    {
      column: 32,
      file: 'node:internal/modules/cjs/loader',
      function: 'Module.load',
      line: 1119,
      method: 'load',
      native: false
    },
    {
      column: 12,
      file: 'node:internal/modules/cjs/loader',
      function: 'Module._load',
      line: 960,
      method: '_load',
      native: false
    },
    {
      column: 19,
      file: 'node:internal/modules/cjs/loader',
      function: 'Module.require',
      line: 1143,
      method: 'require',
      native: false
    },
    {
      column: 18,
      file: 'node:internal/modules/cjs/helpers',
      function: 'require',
      line: 110,
      method: null,
      native: false
    },
    {
      column: 20,
      file: 'F:\\FYP Project\\backend\\app.js',
      function: null,
      line: 15,
      method: null,
      native: false
    },
    {
      column: 14,
      file: 'node:internal/modules/cjs/loader',
      function: 'Module._compile',
      line: 1256,
      method: '_compile',
      native: false
    },
    {
      column: 10,
      file: 'node:internal/modules/cjs/loader',
      function: 'Module._extensions..js',
      line: 1310,
      method: '.js',
      native: false
    }
  ],
  timestamp: '2023-09-07T16:41:59.892Z'
}
{
  error: ReferenceError: userController is not defined
      at Object.<anonymous> (F:\FYP Project\backend\src\routes\admins.js:6:24)
      at Module._compile (node:internal/modules/cjs/loader:1256:14)
      at Module._extensions..js (node:internal/modules/cjs/loader:1310:10)
      at Module.load (node:internal/modules/cjs/loader:1119:32)
      at Module._load (node:internal/modules/cjs/loader:960:12)
      at Module.require (node:internal/modules/cjs/loader:1143:19)
      at require (node:internal/modules/cjs/helpers:110:18)
      at Object.<anonymous> (F:\FYP Project\backend\app.js:15:20)
      at Module._compile (node:internal/modules/cjs/loader:1256:14)
      at Module._extensions..js (node:internal/modules/cjs/loader:1310:10),
  level: 'error',
  message: 'uncaughtException: userController is not defined\n' +
    'ReferenceError: userController is not defined\n' +
    '    at Object.<anonymous> (F:\\FYP Project\\backend\\src\\routes\\admins.js:6:24)\n' +
    '    at Module._compile (node:internal/modules/cjs/loader:1256:14)\n' +
    '    at Module._extensions..js (node:internal/modules/cjs/loader:1310:10)\n' +
    '    at Module.load (node:internal/modules/cjs/loader:1119:32)\n' +
    '    at Module._load (node:internal/modules/cjs/loader:960:12)\n' +
    '    at Module.require (node:internal/modules/cjs/loader:1143:19)\n' +
    '    at require (node:internal/modules/cjs/helpers:110:18)\n' +
    '    at Object.<anonymous> (F:\\FYP Project\\backend\\app.js:15:20)\n' +
    '    at Module._compile (node:internal/modules/cjs/loader:1256:14)\n' +
    '    at Module._extensions..js (node:internal/modules/cjs/loader:1310:10)',
  stack: 'ReferenceError: userController is not defined\n' +
    '    at Object.<anonymous> (F:\\FYP Project\\backend\\src\\routes\\admins.js:6:24)\n' +
    '    at Module._compile (node:internal/modules/cjs/loader:1256:14)\n' +
    '    at Module._extensions..js (node:internal/modules/cjs/loader:1310:10)\n' +
    '    at Module.load (node:internal/modules/cjs/loader:1119:32)\n' +
    '    at Module._load (node:internal/modules/cjs/loader:960:12)\n' +
    '    at Module.require (node:internal/modules/cjs/loader:1143:19)\n' +
    '    at require (node:internal/modules/cjs/helpers:110:18)\n' +
    '    at Object.<anonymous> (F:\\FYP Project\\backend\\app.js:15:20)\n' +
    '    at Module._compile (node:internal/modules/cjs/loader:1256:14)\n' +
    '    at Module._extensions..js (node:internal/modules/cjs/loader:1310:10)',
  exception: true,
  date: 'Thu Sep 07 2023 21:43:13 GMT+0500 (Pakistan Standard Time)',
  process: {
    pid: 10176,
    uid: null,
    gid: null,
    cwd: 'F:\\FYP Project\\backend',
    execPath: 'C:\\Program Files\\nodejs\\node.exe',
    version: 'v18.16.1',
    argv: [
      'C:\\Program Files\\nodejs\\node.exe',
      'F:\\FYP Project\\backend\\bin\\www'
    ],
    memoryUsage: {
      rss: 76259328,
      heapTotal: 41422848,
      heapUsed: 26248496,
      external: 19441460,
      arrayBuffers: 18490908
    }
  },
  os: { loadavg: [ 0, 0, 0 ], uptime: 62900.781 },
  trace: [
    {
      column: 24,
      file: 'F:\\FYP Project\\backend\\src\\routes\\admins.js',
      function: null,
      line: 6,
      method: null,
      native: false
    },
    {
      column: 14,
      file: 'node:internal/modules/cjs/loader',
      function: 'Module._compile',
      line: 1256,
      method: '_compile',
      native: false
    },
    {
      column: 10,
      file: 'node:internal/modules/cjs/loader',
      function: 'Module._extensions..js',
      line: 1310,
      method: '.js',
      native: false
    },
    {
      column: 32,
      file: 'node:internal/modules/cjs/loader',
      function: 'Module.load',
      line: 1119,
      method: 'load',
      native: false
    },
    {
      column: 12,
      file: 'node:internal/modules/cjs/loader',
      function: 'Module._load',
      line: 960,
      method: '_load',
      native: false
    },
    {
      column: 19,
      file: 'node:internal/modules/cjs/loader',
      function: 'Module.require',
      line: 1143,
      method: 'require',
      native: false
    },
    {
      column: 18,
      file: 'node:internal/modules/cjs/helpers',
      function: 'require',
      line: 110,
      method: null,
      native: false
    },
    {
      column: 20,
      file: 'F:\\FYP Project\\backend\\app.js',
      function: null,
      line: 15,
      method: null,
      native: false
    },
    {
      column: 14,
      file: 'node:internal/modules/cjs/loader',
      function: 'Module._compile',
      line: 1256,
      method: '_compile',
      native: false
    },
    {
      column: 10,
      file: 'node:internal/modules/cjs/loader',
      function: 'Module._extensions..js',
      line: 1310,
      method: '.js',
      native: false
    }
  ],
  timestamp: '2023-09-07T16:43:13.099Z'
}
{
  error: ReferenceError: userController is not defined
      at Object.<anonymous> (F:\FYP Project\backend\src\routes\admins.js:8:24)
      at Module._compile (node:internal/modules/cjs/loader:1256:14)
      at Module._extensions..js (node:internal/modules/cjs/loader:1310:10)
      at Module.load (node:internal/modules/cjs/loader:1119:32)
      at Module._load (node:internal/modules/cjs/loader:960:12)
      at Module.require (node:internal/modules/cjs/loader:1143:19)
      at require (node:internal/modules/cjs/helpers:110:18)
      at Object.<anonymous> (F:\FYP Project\backend\app.js:15:20)
      at Module._compile (node:internal/modules/cjs/loader:1256:14)
      at Module._extensions..js (node:internal/modules/cjs/loader:1310:10),
  level: 'error',
  message: 'uncaughtException: userController is not defined\n' +
    'ReferenceError: userController is not defined\n' +
    '    at Object.<anonymous> (F:\\FYP Project\\backend\\src\\routes\\admins.js:8:24)\n' +
    '    at Module._compile (node:internal/modules/cjs/loader:1256:14)\n' +
    '    at Module._extensions..js (node:internal/modules/cjs/loader:1310:10)\n' +
    '    at Module.load (node:internal/modules/cjs/loader:1119:32)\n' +
    '    at Module._load (node:internal/modules/cjs/loader:960:12)\n' +
    '    at Module.require (node:internal/modules/cjs/loader:1143:19)\n' +
    '    at require (node:internal/modules/cjs/helpers:110:18)\n' +
    '    at Object.<anonymous> (F:\\FYP Project\\backend\\app.js:15:20)\n' +
    '    at Module._compile (node:internal/modules/cjs/loader:1256:14)\n' +
    '    at Module._extensions..js (node:internal/modules/cjs/loader:1310:10)',
  stack: 'ReferenceError: userController is not defined\n' +
    '    at Object.<anonymous> (F:\\FYP Project\\backend\\src\\routes\\admins.js:8:24)\n' +
    '    at Module._compile (node:internal/modules/cjs/loader:1256:14)\n' +
    '    at Module._extensions..js (node:internal/modules/cjs/loader:1310:10)\n' +
    '    at Module.load (node:internal/modules/cjs/loader:1119:32)\n' +
    '    at Module._load (node:internal/modules/cjs/loader:960:12)\n' +
    '    at Module.require (node:internal/modules/cjs/loader:1143:19)\n' +
    '    at require (node:internal/modules/cjs/helpers:110:18)\n' +
    '    at Object.<anonymous> (F:\\FYP Project\\backend\\app.js:15:20)\n' +
    '    at Module._compile (node:internal/modules/cjs/loader:1256:14)\n' +
    '    at Module._extensions..js (node:internal/modules/cjs/loader:1310:10)',
  exception: true,
  date: 'Thu Sep 07 2023 21:43:58 GMT+0500 (Pakistan Standard Time)',
  process: {
    pid: 12972,
    uid: null,
    gid: null,
    cwd: 'F:\\FYP Project\\backend',
    execPath: 'C:\\Program Files\\nodejs\\node.exe',
    version: 'v18.16.1',
    argv: [
      'C:\\Program Files\\nodejs\\node.exe',
      'F:\\FYP Project\\backend\\bin\\www'
    ],
    memoryUsage: {
      rss: 76595200,
      heapTotal: 41422848,
      heapUsed: 26161928,
      external: 19449652,
      arrayBuffers: 18499100
    }
  },
  os: { loadavg: [ 0, 0, 0 ], uptime: 62945.796 },
  trace: [
    {
      column: 24,
      file: 'F:\\FYP Project\\backend\\src\\routes\\admins.js',
      function: null,
      line: 8,
      method: null,
      native: false
    },
    {
      column: 14,
      file: 'node:internal/modules/cjs/loader',
      function: 'Module._compile',
      line: 1256,
      method: '_compile',
      native: false
    },
    {
      column: 10,
      file: 'node:internal/modules/cjs/loader',
      function: 'Module._extensions..js',
      line: 1310,
      method: '.js',
      native: false
    },
    {
      column: 32,
      file: 'node:internal/modules/cjs/loader',
      function: 'Module.load',
      line: 1119,
      method: 'load',
      native: false
    },
    {
      column: 12,
      file: 'node:internal/modules/cjs/loader',
      function: 'Module._load',
      line: 960,
      method: '_load',
      native: false
    },
    {
      column: 19,
      file: 'node:internal/modules/cjs/loader',
      function: 'Module.require',
      line: 1143,
      method: 'require',
      native: false
    },
    {
      column: 18,
      file: 'node:internal/modules/cjs/helpers',
      function: 'require',
      line: 110,
      method: null,
      native: false
    },
    {
      column: 20,
      file: 'F:\\FYP Project\\backend\\app.js',
      function: null,
      line: 15,
      method: null,
      native: false
    },
    {
      column: 14,
      file: 'node:internal/modules/cjs/loader',
      function: 'Module._compile',
      line: 1256,
      method: '_compile',
      native: false
    },
    {
      column: 10,
      file: 'node:internal/modules/cjs/loader',
      function: 'Module._extensions..js',
      line: 1310,
      method: '.js',
      native: false
    }
  ],
  timestamp: '2023-09-07T16:43:58.114Z'
}
{
  error: F:\FYP Project\backend\db\connection.js:27
      Creating Admin Right After Database Starts
               ^^^^^
  
  SyntaxError: Unexpected identifier
      at internalCompileFunction (node:internal/vm:73:18)
      at wrapSafe (node:internal/modules/cjs/loader:1178:20)
      at Module._compile (node:internal/modules/cjs/loader:1220:27)
      at Module._extensions..js (node:internal/modules/cjs/loader:1310:10)
      at Module.load (node:internal/modules/cjs/loader:1119:32)
      at Module._load (node:internal/modules/cjs/loader:960:12)
      at Module.require (node:internal/modules/cjs/loader:1143:19)
      at require (node:internal/modules/cjs/helpers:110:18)
      at Object.<anonymous> (F:\FYP Project\backend\bin\www:14:1)
      at Module._compile (node:internal/modules/cjs/loader:1256:14),
  level: 'error',
  message: 'uncaughtException: Unexpected identifier\n' +
    'F:\\FYP Project\\backend\\db\\connection.js:27\n' +
    '    Creating Admin Right After Database Starts\n' +
    '             ^^^^^\n' +
    '\n' +
    'SyntaxError: Unexpected identifier\n' +
    '    at internalCompileFunction (node:internal/vm:73:18)\n' +
    '    at wrapSafe (node:internal/modules/cjs/loader:1178:20)\n' +
    '    at Module._compile (node:internal/modules/cjs/loader:1220:27)\n' +
    '    at Module._extensions..js (node:internal/modules/cjs/loader:1310:10)\n' +
    '    at Module.load (node:internal/modules/cjs/loader:1119:32)\n' +
    '    at Module._load (node:internal/modules/cjs/loader:960:12)\n' +
    '    at Module.require (node:internal/modules/cjs/loader:1143:19)\n' +
    '    at require (node:internal/modules/cjs/helpers:110:18)\n' +
    '    at Object.<anonymous> (F:\\FYP Project\\backend\\bin\\www:14:1)\n' +
    '    at Module._compile (node:internal/modules/cjs/loader:1256:14)',
  stack: 'F:\\FYP Project\\backend\\db\\connection.js:27\n' +
    '    Creating Admin Right After Database Starts\n' +
    '             ^^^^^\n' +
    '\n' +
    'SyntaxError: Unexpected identifier\n' +
    '    at internalCompileFunction (node:internal/vm:73:18)\n' +
    '    at wrapSafe (node:internal/modules/cjs/loader:1178:20)\n' +
    '    at Module._compile (node:internal/modules/cjs/loader:1220:27)\n' +
    '    at Module._extensions..js (node:internal/modules/cjs/loader:1310:10)\n' +
    '    at Module.load (node:internal/modules/cjs/loader:1119:32)\n' +
    '    at Module._load (node:internal/modules/cjs/loader:960:12)\n' +
    '    at Module.require (node:internal/modules/cjs/loader:1143:19)\n' +
    '    at require (node:internal/modules/cjs/helpers:110:18)\n' +
    '    at Object.<anonymous> (F:\\FYP Project\\backend\\bin\\www:14:1)\n' +
    '    at Module._compile (node:internal/modules/cjs/loader:1256:14)',
  exception: true,
  date: 'Thu Sep 07 2023 22:12:41 GMT+0500 (Pakistan Standard Time)',
  process: {
    pid: 8984,
    uid: null,
    gid: null,
    cwd: 'F:\\FYP Project\\backend',
    execPath: 'C:\\Program Files\\nodejs\\node.exe',
    version: 'v18.16.1',
    argv: [
      'C:\\Program Files\\nodejs\\node.exe',
      'F:\\FYP Project\\backend\\bin\\www'
    ],
    memoryUsage: {
      rss: 76812288,
      heapTotal: 41422848,
      heapUsed: 26421152,
      external: 19433773,
      arrayBuffers: 18483221
    }
  },
  os: { loadavg: [ 0, 0, 0 ], uptime: 64669.437 },
  trace: [
    {
      column: 18,
      file: 'node:internal/vm',
      function: 'internalCompileFunction',
      line: 73,
      method: null,
      native: false
    },
    {
      column: 20,
      file: 'node:internal/modules/cjs/loader',
      function: 'wrapSafe',
      line: 1178,
      method: null,
      native: false
    },
    {
      column: 27,
      file: 'node:internal/modules/cjs/loader',
      function: 'Module._compile',
      line: 1220,
      method: '_compile',
      native: false
    },
    {
      column: 10,
      file: 'node:internal/modules/cjs/loader',
      function: 'Module._extensions..js',
      line: 1310,
      method: '.js',
      native: false
    },
    {
      column: 32,
      file: 'node:internal/modules/cjs/loader',
      function: 'Module.load',
      line: 1119,
      method: 'load',
      native: false
    },
    {
      column: 12,
      file: 'node:internal/modules/cjs/loader',
      function: 'Module._load',
      line: 960,
      method: '_load',
      native: false
    },
    {
      column: 19,
      file: 'node:internal/modules/cjs/loader',
      function: 'Module.require',
      line: 1143,
      method: 'require',
      native: false
    },
    {
      column: 18,
      file: 'node:internal/modules/cjs/helpers',
      function: 'require',
      line: 110,
      method: null,
      native: false
    },
    {
      column: 1,
      file: 'F:\\FYP Project\\backend\\bin\\www',
      function: null,
      line: 14,
      method: null,
      native: false
    },
    {
      column: 14,
      file: 'node:internal/modules/cjs/loader',
      function: 'Module._compile',
      line: 1256,
      method: '_compile',
      native: false
    }
  ],
  timestamp: '2023-09-07T17:12:41.747Z'
}
{
  message: '::1 - - [07/Sep/2023:20:49:06 +0000] "POST /admins/signin HTTP/1.1" 404 76 "-" "PostmanRuntime/7.32.3"\n',
  level: 'info',
  timestamp: '2023-09-07T20:49:06.365Z'
}
{
  message: '::1 - - [07/Sep/2023:20:49:57 +0000] "POST /admins/signin HTTP/1.1" 404 76 "-" "PostmanRuntime/7.32.3"\n',
  level: 'info',
  timestamp: '2023-09-07T20:49:57.381Z'
}
{
  message: '::1 - - [07/Sep/2023:20:50:34 +0000] "POST /admins/signin HTTP/1.1" 400 88 "-" "PostmanRuntime/7.32.3"\n',
  level: 'info',
  timestamp: '2023-09-07T20:50:34.456Z'
}
{
  message: '::1 - - [07/Sep/2023:20:50:40 +0000] "POST /admins/signin HTTP/1.1" 400 88 "-" "PostmanRuntime/7.32.3"\n',
  level: 'info',
  timestamp: '2023-09-07T20:50:40.038Z'
}
{
  message: '::1 - - [07/Sep/2023:20:51:56 +0000] "POST /admins/signin HTTP/1.1" 200 1108 "-" "PostmanRuntime/7.32.3"\n',
  level: 'info',
  timestamp: '2023-09-07T20:51:56.950Z'
}
{
  error: VersionError: No matching document found for id "64fa07afd4b70212d3945fce" version 0 modifiedPaths "refreshTokens"
      at generateVersionError (F:\FYP Project\backend\node_modules\mongoose\lib\model.js:461:10)
      at model.save (F:\FYP Project\backend\node_modules\mongoose\lib\model.js:518:28)
      at Object.signin (F:\FYP Project\backend\src\services\admins.services.js:79:11)
      at process.processTicksAndRejections (node:internal/process/task_queues:95:5)
      at async signin (F:\FYP Project\backend\src\controllers\admins.controllers.js:11:25) {
    version: 0,
    modifiedPaths: [ 'refreshTokens' ]
  },
  level: 'error',
  message: 'uncaughtException: No matching document found for id "64fa07afd4b70212d3945fce" version 0 modifiedPaths "refreshTokens"\n' +
    'VersionError: No matching document found for id "64fa07afd4b70212d3945fce" version 0 modifiedPaths "refreshTokens"\n' +
    '    at generateVersionError (F:\\FYP Project\\backend\\node_modules\\mongoose\\lib\\model.js:461:10)\n' +
    '    at model.save (F:\\FYP Project\\backend\\node_modules\\mongoose\\lib\\model.js:518:28)\n' +
    '    at Object.signin (F:\\FYP Project\\backend\\src\\services\\admins.services.js:79:11)\n' +
    '    at process.processTicksAndRejections (node:internal/process/task_queues:95:5)\n' +
    '    at async signin (F:\\FYP Project\\backend\\src\\controllers\\admins.controllers.js:11:25)',
  stack: 'VersionError: No matching document found for id "64fa07afd4b70212d3945fce" version 0 modifiedPaths "refreshTokens"\n' +
    '    at generateVersionError (F:\\FYP Project\\backend\\node_modules\\mongoose\\lib\\model.js:461:10)\n' +
    '    at model.save (F:\\FYP Project\\backend\\node_modules\\mongoose\\lib\\model.js:518:28)\n' +
    '    at Object.signin (F:\\FYP Project\\backend\\src\\services\\admins.services.js:79:11)\n' +
    '    at process.processTicksAndRejections (node:internal/process/task_queues:95:5)\n' +
    '    at async signin (F:\\FYP Project\\backend\\src\\controllers\\admins.controllers.js:11:25)',
  exception: true,
  date: 'Fri Sep 08 2023 01:51:57 GMT+0500 (Pakistan Standard Time)',
  process: {
    pid: 6720,
    uid: null,
    gid: null,
    cwd: 'F:\\FYP Project\\backend',
    execPath: 'C:\\Program Files\\nodejs\\node.exe',
    version: 'v18.16.1',
    argv: [
      'C:\\Program Files\\nodejs\\node.exe',
      'F:\\FYP Project\\backend\\bin\\www'
    ],
    memoryUsage: {
      rss: 84779008,
      heapTotal: 62132224,
      heapUsed: 28764808,
      external: 19313939,
      arrayBuffers: 18344263
    }
  },
  os: { loadavg: [ 0, 0, 0 ], uptime: 10948.984 },
  trace: [
    {
      column: 10,
      file: 'F:\\FYP Project\\backend\\node_modules\\mongoose\\lib\\model.js',
      function: 'generateVersionError',
      line: 461,
      method: null,
      native: false
    },
    {
      column: 28,
      file: 'F:\\FYP Project\\backend\\node_modules\\mongoose\\lib\\model.js',
      function: 'model.save',
      line: 518,
      method: 'save',
      native: false
    },
    {
      column: 11,
      file: 'F:\\FYP Project\\backend\\src\\services\\admins.services.js',
      function: 'Object.signin',
      line: 79,
      method: 'signin',
      native: false
    },
    {
      column: 5,
      file: 'node:internal/process/task_queues',
      function: 'process.processTicksAndRejections',
      line: 95,
      method: 'processTicksAndRejections',
      native: false
    },
    {
      column: 25,
      file: 'F:\\FYP Project\\backend\\src\\controllers\\admins.controllers.js',
      function: 'async signin',
      line: 11,
      method: null,
      native: false
    }
  ],
  timestamp: '2023-09-07T20:51:57.296Z'
}
{
  message: '::1 - - [07/Sep/2023:20:56:41 +0000] "POST /admins/signin HTTP/1.1" 404 77 "-" "PostmanRuntime/7.32.3"\n',
  level: 'info',
  timestamp: '2023-09-07T20:56:41.091Z'
}
{
  message: '::1 - - [07/Sep/2023:20:57:33 +0000] "POST /admins/signin HTTP/1.1" 400 121 "-" "PostmanRuntime/7.32.3"\n',
  level: 'info',
  timestamp: '2023-09-07T20:57:33.895Z'
}
{
  message: '::1 - - [07/Sep/2023:21:06:01 +0000] "POST /admins/signin HTTP/1.1" 200 1090 "-" "PostmanRuntime/7.32.3"\n',
  level: 'info',
  timestamp: '2023-09-07T21:06:01.900Z'
}
{
  message: '::1 - - [07/Sep/2023:21:06:17 +0000] "POST /admins/signin HTTP/1.1" 200 1419 "-" "PostmanRuntime/7.32.3"\n',
  level: 'info',
  timestamp: '2023-09-07T21:06:17.656Z'
}
{
  message: '::1 - - [07/Sep/2023:21:06:50 +0000] "POST /admins/signin HTTP/1.1" 200 1090 "-" "PostmanRuntime/7.32.3"\n',
  level: 'info',
  timestamp: '2023-09-07T21:06:50.146Z'
}
{
  message: '::1 - - [07/Sep/2023:21:16:28 +0000] "POST /admins/signin HTTP/1.1" 200 1090 "-" "PostmanRuntime/7.32.3"\n',
  level: 'info',
  timestamp: '2023-09-07T21:16:28.892Z'
}
{
  error: F:\FYP-Project\backend\src\utils\resetPassword.js:48
  }
  ^
  
  SyntaxError: Unexpected token '}'
      at internalCompileFunction (node:internal/vm:73:18)
      at wrapSafe (node:internal/modules/cjs/loader:1178:20)
      at Module._compile (node:internal/modules/cjs/loader:1220:27)
      at Module._extensions..js (node:internal/modules/cjs/loader:1310:10)
      at Module.load (node:internal/modules/cjs/loader:1119:32)
      at Module._load (node:internal/modules/cjs/loader:960:12)
      at Module.require (node:internal/modules/cjs/loader:1143:19)
      at require (node:internal/modules/cjs/helpers:110:18)
      at Object.<anonymous> (F:\FYP-Project\backend\src\services\users.services.js:8:36)
      at Module._compile (node:internal/modules/cjs/loader:1256:14),
  level: 'error',
  message: "uncaughtException: Unexpected token '}'\n" +
    'F:\\FYP-Project\\backend\\src\\utils\\resetPassword.js:48\n' +
    '}\n' +
    '^\n' +
    '\n' +
    "SyntaxError: Unexpected token '}'\n" +
    '    at internalCompileFunction (node:internal/vm:73:18)\n' +
    '    at wrapSafe (node:internal/modules/cjs/loader:1178:20)\n' +
    '    at Module._compile (node:internal/modules/cjs/loader:1220:27)\n' +
    '    at Module._extensions..js (node:internal/modules/cjs/loader:1310:10)\n' +
    '    at Module.load (node:internal/modules/cjs/loader:1119:32)\n' +
    '    at Module._load (node:internal/modules/cjs/loader:960:12)\n' +
    '    at Module.require (node:internal/modules/cjs/loader:1143:19)\n' +
    '    at require (node:internal/modules/cjs/helpers:110:18)\n' +
    '    at Object.<anonymous> (F:\\FYP-Project\\backend\\src\\services\\users.services.js:8:36)\n' +
    '    at Module._compile (node:internal/modules/cjs/loader:1256:14)',
  stack: 'F:\\FYP-Project\\backend\\src\\utils\\resetPassword.js:48\n' +
    '}\n' +
    '^\n' +
    '\n' +
    "SyntaxError: Unexpected token '}'\n" +
    '    at internalCompileFunction (node:internal/vm:73:18)\n' +
    '    at wrapSafe (node:internal/modules/cjs/loader:1178:20)\n' +
    '    at Module._compile (node:internal/modules/cjs/loader:1220:27)\n' +
    '    at Module._extensions..js (node:internal/modules/cjs/loader:1310:10)\n' +
    '    at Module.load (node:internal/modules/cjs/loader:1119:32)\n' +
    '    at Module._load (node:internal/modules/cjs/loader:960:12)\n' +
    '    at Module.require (node:internal/modules/cjs/loader:1143:19)\n' +
    '    at require (node:internal/modules/cjs/helpers:110:18)\n' +
    '    at Object.<anonymous> (F:\\FYP-Project\\backend\\src\\services\\users.services.js:8:36)\n' +
    '    at Module._compile (node:internal/modules/cjs/loader:1256:14)',
  exception: true,
  date: 'Fri Sep 08 2023 02:26:51 GMT+0500 (Pakistan Standard Time)',
  process: {
    pid: 12968,
    uid: null,
    gid: null,
    cwd: 'F:\\FYP-Project\\backend',
    execPath: 'C:\\Program Files\\nodejs\\node.exe',
    version: 'v18.16.1',
    argv: [
      'C:\\Program Files\\nodejs\\node.exe',
      'F:\\FYP-Project\\backend\\bin\\www'
    ],
    memoryUsage: {
      rss: 75165696,
      heapTotal: 39325696,
      heapUsed: 29061816,
      external: 19838214,
      arrayBuffers: 18887662
    }
  },
  os: { loadavg: [ 0, 0, 0 ], uptime: 13043.515 },
  trace: [
    {
      column: 18,
      file: 'node:internal/vm',
      function: 'internalCompileFunction',
      line: 73,
      method: null,
      native: false
    },
    {
      column: 20,
      file: 'node:internal/modules/cjs/loader',
      function: 'wrapSafe',
      line: 1178,
      method: null,
      native: false
    },
    {
      column: 27,
      file: 'node:internal/modules/cjs/loader',
      function: 'Module._compile',
      line: 1220,
      method: '_compile',
      native: false
    },
    {
      column: 10,
      file: 'node:internal/modules/cjs/loader',
      function: 'Module._extensions..js',
      line: 1310,
      method: '.js',
      native: false
    },
    {
      column: 32,
      file: 'node:internal/modules/cjs/loader',
      function: 'Module.load',
      line: 1119,
      method: 'load',
      native: false
    },
    {
      column: 12,
      file: 'node:internal/modules/cjs/loader',
      function: 'Module._load',
      line: 960,
      method: '_load',
      native: false
    },
    {
      column: 19,
      file: 'node:internal/modules/cjs/loader',
      function: 'Module.require',
      line: 1143,
      method: 'require',
      native: false
    },
    {
      column: 18,
      file: 'node:internal/modules/cjs/helpers',
      function: 'require',
      line: 110,
      method: null,
      native: false
    },
    {
      column: 36,
      file: 'F:\\FYP-Project\\backend\\src\\services\\users.services.js',
      function: null,
      line: 8,
      method: null,
      native: false
    },
    {
      column: 14,
      file: 'node:internal/modules/cjs/loader',
      function: 'Module._compile',
      line: 1256,
      method: '_compile',
      native: false
    }
  ],
  timestamp: '2023-09-07T21:26:51.865Z'
}
{
  message: '::1 - - [07/Sep/2023:21:35:11 +0000] "POST /admins/sendPasswordResetEmail HTTP/1.1" 404 87 "-" "PostmanRuntime/7.32.3"\n',
  level: 'info',
  timestamp: '2023-09-07T21:35:11.986Z'
}
{
  message: '::1 - - [07/Sep/2023:21:35:47 +0000] "POST /admins/sendPasswordResetEmail HTTP/1.1" 404 87 "-" "PostmanRuntime/7.32.3"\n',
  level: 'info',
  timestamp: '2023-09-07T21:35:47.801Z'
}
{
  message: '::1 - - [07/Sep/2023:21:37:18 +0000] "POST /admins/signin HTTP/1.1" 404 77 "-" "PostmanRuntime/7.32.3"\n',
  level: 'info',
  timestamp: '2023-09-07T21:37:18.832Z'
}
{
  message: '::1 - - [07/Sep/2023:21:38:58 +0000] "POST /admins/signin HTTP/1.1" 200 1090 "-" "PostmanRuntime/7.32.3"\n',
  level: 'info',
  timestamp: '2023-09-07T21:38:58.062Z'
}
{
  message: '::1 - - [07/Sep/2023:21:39:07 +0000] "POST /admins/sendPasswordResetEmail HTTP/1.1" 400 83 "-" "PostmanRuntime/7.32.3"\n',
  level: 'info',
  timestamp: '2023-09-07T21:39:07.478Z'
}
{
  message: '::1 - - [07/Sep/2023:21:42:00 +0000] "POST /admins/sendPasswordResetEmail HTTP/1.1" 400 60 "-" "PostmanRuntime/7.32.3"\n',
  level: 'info',
  timestamp: '2023-09-07T21:42:00.290Z'
}
{
  message: '::1 - - [07/Sep/2023:21:42:41 +0000] "POST /admins/sendPasswordResetEmail HTTP/1.1" 404 87 "-" "PostmanRuntime/7.32.3"\n',
  level: 'info',
  timestamp: '2023-09-07T21:42:41.375Z'
}
{
  message: '::1 - - [07/Sep/2023:21:42:53 +0000] "POST /admins/sendPasswordResetEmail HTTP/1.1" 200 80 "-" "PostmanRuntime/7.32.3"\n',
  level: 'info',
  timestamp: '2023-09-07T21:42:53.708Z'
}
{
  message: '::1 - - [07/Sep/2023:21:52:27 +0000] "POST //admins/resetPassword?token=eyJhbGciOiJIUzI1NiIsInR5cCI6IkpXVCJ9.eyJlbWFpbCI6ImZsb29kZ3VhcmRjb21zYXRzQGdtYWlsLmNvbSIsImNyZWF0ZWQiOiJGcmkgU2VwIDA4IDIwMjMgMDI6NDI6NTEgR01UKzA1MDAgKFBha2lzdGFuIFN0YW5kYXJkIFRpbWUpIiwiaWF0IjoxNjk0MTIyOTcxLCJleHAiOjE2OTQxMjMyNzF9.XfLJYl1cXhlnv97ZsYOZOQ_c0u4qVLxQ4bnrNo1vBjo HTTP/1.1" 404 87 "-" "PostmanRuntime/7.32.3"\n',
  level: 'info',
  timestamp: '2023-09-07T21:52:27.411Z'
}
{
  message: '::1 - - [07/Sep/2023:21:52:46 +0000] "POST /admins/resetPassword?token=eyJhbGciOiJIUzI1NiIsInR5cCI6IkpXVCJ9.eyJlbWFpbCI6ImZsb29kZ3VhcmRjb21zYXRzQGdtYWlsLmNvbSIsImNyZWF0ZWQiOiJGcmkgU2VwIDA4IDIwMjMgMDI6NDI6NTEgR01UKzA1MDAgKFBha2lzdGFuIFN0YW5kYXJkIFRpbWUpIiwiaWF0IjoxNjk0MTIyOTcxLCJleHAiOjE2OTQxMjMyNzF9.XfLJYl1cXhlnv97ZsYOZOQ_c0u4qVLxQ4bnrNo1vBjo HTTP/1.1" 400 79 "-" "PostmanRuntime/7.32.3"\n',
  level: 'info',
  timestamp: '2023-09-07T21:52:46.667Z'
}
{
  message: '::1 - - [07/Sep/2023:21:54:02 +0000] "POST /admins/resetPassword?token=eyJhbGciOiJIUzI1NiIsInR5cCI6IkpXVCJ9.eyJlbWFpbCI6ImZsb29kZ3VhcmRjb21zYXRzQGdtYWlsLmNvbSIsImNyZWF0ZWQiOiJGcmkgU2VwIDA4IDIwMjMgMDI6NDI6NTEgR01UKzA1MDAgKFBha2lzdGFuIFN0YW5kYXJkIFRpbWUpIiwiaWF0IjoxNjk0MTIyOTcxLCJleHAiOjE2OTQxMjMyNzF9.XfLJYl1cXhlnv97ZsYOZOQ_c0u4qVLxQ4bnrNo1vBjo HTTP/1.1" 400 56 "-" "PostmanRuntime/7.32.3"\n',
  level: 'info',
  timestamp: '2023-09-07T21:54:02.642Z'
}
{
  message: '::1 - - [07/Sep/2023:21:54:19 +0000] "POST /admins/sendPasswordResetEmail HTTP/1.1" 200 80 "-" "PostmanRuntime/7.32.3"\n',
  level: 'info',
  timestamp: '2023-09-07T21:54:19.528Z'
}
{
  message: '::1 - - [07/Sep/2023:21:54:45 +0000] "POST /admins/resetPassword?token=eyJhbGciOiJIUzI1NiIsInR5cCI6IkpXVCJ9.eyJlbWFpbCI6ImZsb29kZ3VhcmRjb21zYXRzQGdtYWlsLmNvbSIsImNyZWF0ZWQiOiJGcmkgU2VwIDA4IDIwMjMgMDI6NTQ6MTYgR01UKzA1MDAgKFBha2lzdGFuIFN0YW5kYXJkIFRpbWUpIiwiaWF0IjoxNjk0MTIzNjU2LCJleHAiOjE2OTQxMjM5NTZ9.7_EXAFxk749iwMKrfVTs74sZlglqhVKUmZJdAG5OGJg HTTP/1.1" 400 63 "-" "PostmanRuntime/7.32.3"\n',
  level: 'info',
  timestamp: '2023-09-07T21:54:45.920Z'
}
{
  message: '::1 - - [07/Sep/2023:21:55:28 +0000] "POST /admins/resetPassword?token=eyJhbGciOiJIUzI1NiIsInR5cCI6IkpXVCJ9.eyJlbWFpbCI6ImZsb29kZ3VhcmRjb21zYXRzQGdtYWlsLmNvbSIsImNyZWF0ZWQiOiJGcmkgU2VwIDA4IDIwMjMgMDI6NTQ6MTYgR01UKzA1MDAgKFBha2lzdGFuIFN0YW5kYXJkIFRpbWUpIiwiaWF0IjoxNjk0MTIzNjU2LCJleHAiOjE2OTQxMjM5NTZ9.7_EXAFxk749iwMKrfVTs74sZlglqhVKUmZJdAG5OGJg HTTP/1.1" 200 76 "-" "PostmanRuntime/7.32.3"\n',
  level: 'info',
  timestamp: '2023-09-07T21:55:28.659Z'
}
{
  message: '::1 - - [07/Sep/2023:22:04:38 +0000] "POST /admins/setPassword HTTP/1.1" 400 56 "-" "PostmanRuntime/7.32.3"\n',
  level: 'info',
  timestamp: '2023-09-07T22:04:38.338Z'
}
{
  message: '::1 - - [07/Sep/2023:22:04:54 +0000] "POST /admins/signin HTTP/1.1" 200 1090 "-" "PostmanRuntime/7.32.3"\n',
  level: 'info',
  timestamp: '2023-09-07T22:04:54.517Z'
}
{
  message: '::1 - - [07/Sep/2023:22:05:08 +0000] "POST /admins/setPassword HTTP/1.1" 200 76 "-" "PostmanRuntime/7.32.3"\n',
  level: 'info',
  timestamp: '2023-09-07T22:05:08.502Z'
}
{
  message: '::1 - - [07/Sep/2023:22:05:30 +0000] "POST /admins/signin HTTP/1.1" 401 87 "-" "PostmanRuntime/7.32.3"\n',
  level: 'info',
  timestamp: '2023-09-07T22:05:30.212Z'
}
{
  message: '::1 - - [07/Sep/2023:22:05:47 +0000] "POST /admins/signin HTTP/1.1" 200 1419 "-" "PostmanRuntime/7.32.3"\n',
  level: 'info',
  timestamp: '2023-09-07T22:05:47.449Z'
}
{
  message: '::1 - - [07/Sep/2023:22:08:14 +0000] "GET /admins/refreshTokenCall HTTP/1.1" 400 67 "-" "PostmanRuntime/7.32.3"\n',
  level: 'info',
  timestamp: '2023-09-07T22:08:14.361Z'
}
{
  message: '::1 - - [07/Sep/2023:22:10:04 +0000] "GET /admins/refreshTokenCall HTTP/1.1" 400 67 "-" "PostmanRuntime/7.32.3"\n',
  level: 'info',
  timestamp: '2023-09-07T22:10:04.745Z'
}
{
  message: '::1 - - [07/Sep/2023:22:10:49 +0000] "GET /admins/refreshTokenCall HTTP/1.1" 404 78 "-" "PostmanRuntime/7.32.3"\n',
  level: 'info',
  timestamp: '2023-09-07T22:10:49.650Z'
}
{
  message: '::1 - - [07/Sep/2023:22:11:39 +0000] "POST /admins/signin HTTP/1.1" 401 87 "-" "PostmanRuntime/7.32.3"\n',
  level: 'info',
  timestamp: '2023-09-07T22:11:39.133Z'
}
{
  message: '::1 - - [07/Sep/2023:22:11:52 +0000] "POST /admins/signin HTTP/1.1" 200 1090 "-" "PostmanRuntime/7.32.3"\n',
  level: 'info',
  timestamp: '2023-09-07T22:11:52.102Z'
}
{
  message: '::1 - - [07/Sep/2023:22:12:02 +0000] "GET /admins/refreshTokenCall HTTP/1.1" 400 60 "-" "PostmanRuntime/7.32.3"\n',
  level: 'info',
  timestamp: '2023-09-07T22:12:02.793Z'
}
{
  message: '::1 - - [07/Sep/2023:22:12:48 +0000] "POST /admins/signin HTTP/1.1" 404 77 "-" "PostmanRuntime/7.32.3"\n',
  level: 'info',
  timestamp: '2023-09-07T22:12:48.823Z'
}
{
  message: '::1 - - [07/Sep/2023:22:13:02 +0000] "POST /admins/signin HTTP/1.1" 200 1090 "-" "PostmanRuntime/7.32.3"\n',
  level: 'info',
  timestamp: '2023-09-07T22:13:02.288Z'
}
{
  message: '::1 - - [07/Sep/2023:22:13:12 +0000] "GET /admins/refreshTokenCall HTTP/1.1" 400 60 "-" "PostmanRuntime/7.32.3"\n',
  level: 'info',
  timestamp: '2023-09-07T22:13:12.078Z'
}
{
  message: '::1 - - [07/Sep/2023:22:14:16 +0000] "GET /admins/refreshTokenCall HTTP/1.1" 404 79 "-" "PostmanRuntime/7.32.3"\n',
  level: 'info',
  timestamp: '2023-09-07T22:14:16.256Z'
}
{
  message: '::1 - - [07/Sep/2023:22:14:29 +0000] "POST /admins/signin HTTP/1.1" 200 1090 "-" "PostmanRuntime/7.32.3"\n',
  level: 'info',
  timestamp: '2023-09-07T22:14:29.354Z'
}
{
  message: '::1 - - [07/Sep/2023:22:14:41 +0000] "GET /admins/refreshTokenCall HTTP/1.1" 200 316 "-" "PostmanRuntime/7.32.3"\n',
  level: 'info',
  timestamp: '2023-09-07T22:14:41.360Z'
}
{
  message: '::1 - - [07/Sep/2023:22:14:48 +0000] "GET /admins/refreshTokenCall HTTP/1.1" 200 316 "-" "PostmanRuntime/7.32.3"\n',
  level: 'info',
  timestamp: '2023-09-07T22:14:48.445Z'
}
{
  message: '::1 - - [07/Sep/2023:22:17:25 +0000] "GET /admins/signout HTTP/1.1" 404 78 "-" "PostmanRuntime/7.32.3"\n',
  level: 'info',
  timestamp: '2023-09-07T22:17:25.261Z'
}
{
  message: '::1 - - [07/Sep/2023:22:18:09 +0000] "POST /admins/signin HTTP/1.1" 200 1090 "-" "PostmanRuntime/7.32.3"\n',
  level: 'info',
  timestamp: '2023-09-07T22:18:09.666Z'
}
{
  message: '::1 - - [07/Sep/2023:22:18:24 +0000] "GET /admins/signout HTTP/1.1" 200 66 "-" "PostmanRuntime/7.32.3"\n',
  level: 'info',
  timestamp: '2023-09-07T22:18:24.894Z'
}
{
  message: '::1 - - [07/Sep/2023:22:18:30 +0000] "GET /admins/signout HTTP/1.1" 401 65 "-" "PostmanRuntime/7.32.3"\n',
  level: 'info',
  timestamp: '2023-09-07T22:18:30.018Z'
}
{
  message: '::1 - - [08/Sep/2023:12:42:31 +0000] "POST /admins/users HTTP/1.1" 400 56 "-" "PostmanRuntime/7.32.3"\n',
  level: 'info',
  timestamp: '2023-09-08T12:42:31.525Z'
}
{
  message: '::1 - - [08/Sep/2023:12:42:38 +0000] "POST /admins/signin HTTP/1.1" 200 1090 "-" "PostmanRuntime/7.32.3"\n',
  level: 'info',
  timestamp: '2023-09-08T12:42:38.232Z'
}
{
  message: '::1 - - [08/Sep/2023:12:42:44 +0000] "POST /admins/users HTTP/1.1" 401 80 "-" "PostmanRuntime/7.32.3"\n',
  level: 'info',
  timestamp: '2023-09-08T12:42:44.567Z'
}
{
  message: '::1 - - [08/Sep/2023:12:46:06 +0000] "POST /admins/signin HTTP/1.1" 200 1090 "-" "PostmanRuntime/7.32.3"\n',
  level: 'info',
  timestamp: '2023-09-08T12:46:06.824Z'
}
{
  message: '::1 - - [08/Sep/2023:12:46:11 +0000] "POST /admins/users HTTP/1.1" 201 174 "-" "PostmanRuntime/7.32.3"\n',
  level: 'info',
  timestamp: '2023-09-08T12:46:11.213Z'
}
{
  message: '::1 - - [08/Sep/2023:12:49:39 +0000] "POST /admins/signin HTTP/1.1" 200 1090 "-" "PostmanRuntime/7.32.3"\n',
  level: 'info',
  timestamp: '2023-09-08T12:49:39.898Z'
}
{
  message: '::1 - - [08/Sep/2023:12:49:43 +0000] "GET /admins/users/64fb17927d2745e6e7fd09a5 HTTP/1.1" 401 65 "-" "PostmanRuntime/7.32.3"\n',
  level: 'info',
  timestamp: '2023-09-08T12:49:43.188Z'
}
{
  message: '::1 - - [08/Sep/2023:12:49:50 +0000] "GET /admins/users/64fb17927d2745e6e7fd09a5 HTTP/1.1" 401 65 "-" "PostmanRuntime/7.32.3"\n',
  level: 'info',
  timestamp: '2023-09-08T12:49:50.160Z'
}
{
  message: '::1 - - [08/Sep/2023:12:50:31 +0000] "GET /admins/users/64fb17927d2745e6e7fd09a5 HTTP/1.1" 400 63 "-" "PostmanRuntime/7.32.3"\n',
  level: 'info',
  timestamp: '2023-09-08T12:50:31.281Z'
}
{
  message: '::1 - - [08/Sep/2023:12:51:58 +0000] "GET /admins/users/64fb17927d2745e6e7fd09a5 HTTP/1.1" 400 63 "-" "PostmanRuntime/7.32.3"\n',
  level: 'info',
  timestamp: '2023-09-08T12:51:58.541Z'
}
{
  message: '::1 - - [08/Sep/2023:12:57:41 +0000] "POST /admins/signin HTTP/1.1" 200 1419 "-" "PostmanRuntime/7.32.3"\n',
  level: 'info',
  timestamp: '2023-09-08T12:57:41.693Z'
}
{
  message: '::1 - - [08/Sep/2023:12:57:44 +0000] "GET /admins/users/64fb17927d2745e6e7fd09a5 HTTP/1.1" 400 63 "-" "PostmanRuntime/7.32.3"\n',
  level: 'info',
  timestamp: '2023-09-08T12:57:44.827Z'
}
{
  message: '::1 - - [08/Sep/2023:12:59:32 +0000] "GET /admins/users/64fb17927d2745e6e7fd09a5 HTTP/1.1" 404 86 "-" "PostmanRuntime/7.32.3"\n',
  level: 'info',
  timestamp: '2023-09-08T12:59:32.224Z'
}
{
  message: '::1 - - [08/Sep/2023:12:59:45 +0000] "POST /admins/users HTTP/1.1" 201 174 "-" "PostmanRuntime/7.32.3"\n',
  level: 'info',
  timestamp: '2023-09-08T12:59:45.661Z'
}
{
  message: '::1 - - [08/Sep/2023:12:59:58 +0000] "GET /admins/users/64fb1ac1f985613708160e76 HTTP/1.1" 404 86 "-" "PostmanRuntime/7.32.3"\n',
  level: 'info',
  timestamp: '2023-09-08T12:59:58.945Z'
}
{
  message: '::1 - - [08/Sep/2023:13:01:39 +0000] "GET /admins/users/64fb1ac1f985613708160e76 HTTP/1.1" 200 174 "-" "PostmanRuntime/7.32.3"\n',
  level: 'info',
  timestamp: '2023-09-08T13:01:39.728Z'
}
{
  message: '::1 - - [08/Sep/2023:16:09:06 +0000] "GET /admins/refreshTokenCall HTTP/1.1" 200 316 "-" "PostmanRuntime/7.32.3"\n',
  level: 'info',
  timestamp: '2023-09-08T16:09:06.216Z'
}
{
  message: '::1 - - [08/Sep/2023:16:09:25 +0000] "GET /admins/users?name=Ali HTTP/1.1" 401 65 "-" "PostmanRuntime/7.32.3"\n',
  level: 'info',
  timestamp: '2023-09-08T16:09:25.387Z'
}
{
  message: '::1 - - [08/Sep/2023:16:09:53 +0000] "GET /admins/users?name=Ali HTTP/1.1" 400 56 "-" "PostmanRuntime/7.32.3"\n',
  level: 'info',
  timestamp: '2023-09-08T16:09:53.831Z'
}
{
  message: '::1 - - [08/Sep/2023:16:10:02 +0000] "GET /admins/refreshTokenCall HTTP/1.1" 200 316 "-" "PostmanRuntime/7.32.3"\n',
  level: 'info',
  timestamp: '2023-09-08T16:10:02.330Z'
}
{
  message: '::1 - - [08/Sep/2023:16:10:05 +0000] "GET /admins/users?name=Ali HTTP/1.1" 400 56 "-" "PostmanRuntime/7.32.3"\n',
  level: 'info',
  timestamp: '2023-09-08T16:10:05.341Z'
}
{
  message: '::1 - - [08/Sep/2023:16:10:48 +0000] "GET /admins/refreshTokenCall HTTP/1.1" 200 316 "-" "PostmanRuntime/7.32.3"\n',
  level: 'info',
  timestamp: '2023-09-08T16:10:48.549Z'
}
{
  message: '::1 - - [08/Sep/2023:16:10:52 +0000] "GET /admins/users?name=Ali HTTP/1.1" 400 70 "-" "PostmanRuntime/7.32.3"\n',
  level: 'info',
  timestamp: '2023-09-08T16:10:52.354Z'
}
{
  error: Error: Cannot find module 'moment'
  Require stack:
  - F:\FYP-Project\backend\src\utils\query.js
  - F:\FYP-Project\backend\src\controllers\users.controllers.js
  - F:\FYP-Project\backend\src\routes\users.js
  - F:\FYP-Project\backend\app.js
  - F:\FYP-Project\backend\bin\www
      at Module._resolveFilename (node:internal/modules/cjs/loader:1077:15)
      at Module._load (node:internal/modules/cjs/loader:922:27)
      at Module.require (node:internal/modules/cjs/loader:1143:19)
      at require (node:internal/modules/cjs/helpers:110:18)
      at Object.<anonymous> (F:\FYP-Project\backend\src\utils\query.js:1:16)
      at Module._compile (node:internal/modules/cjs/loader:1256:14)
      at Module._extensions..js (node:internal/modules/cjs/loader:1310:10)
      at Module.load (node:internal/modules/cjs/loader:1119:32)
      at Module._load (node:internal/modules/cjs/loader:960:12)
      at Module.require (node:internal/modules/cjs/loader:1143:19) {
    code: 'MODULE_NOT_FOUND',
    requireStack: [
      'F:\\FYP-Project\\backend\\src\\utils\\query.js',
      'F:\\FYP-Project\\backend\\src\\controllers\\users.controllers.js',
      'F:\\FYP-Project\\backend\\src\\routes\\users.js',
      'F:\\FYP-Project\\backend\\app.js',
      'F:\\FYP-Project\\backend\\bin\\www'
    ]
  },
  level: 'error',
  message: "uncaughtException: Cannot find module 'moment'\n" +
    'Require stack:\n' +
    '- F:\\FYP-Project\\backend\\src\\utils\\query.js\n' +
    '- F:\\FYP-Project\\backend\\src\\controllers\\users.controllers.js\n' +
    '- F:\\FYP-Project\\backend\\src\\routes\\users.js\n' +
    '- F:\\FYP-Project\\backend\\app.js\n' +
    '- F:\\FYP-Project\\backend\\bin\\www\n' +
    "Error: Cannot find module 'moment'\n" +
    'Require stack:\n' +
    '- F:\\FYP-Project\\backend\\src\\utils\\query.js\n' +
    '- F:\\FYP-Project\\backend\\src\\controllers\\users.controllers.js\n' +
    '- F:\\FYP-Project\\backend\\src\\routes\\users.js\n' +
    '- F:\\FYP-Project\\backend\\app.js\n' +
    '- F:\\FYP-Project\\backend\\bin\\www\n' +
    '    at Module._resolveFilename (node:internal/modules/cjs/loader:1077:15)\n' +
    '    at Module._load (node:internal/modules/cjs/loader:922:27)\n' +
    '    at Module.require (node:internal/modules/cjs/loader:1143:19)\n' +
    '    at require (node:internal/modules/cjs/helpers:110:18)\n' +
    '    at Object.<anonymous> (F:\\FYP-Project\\backend\\src\\utils\\query.js:1:16)\n' +
    '    at Module._compile (node:internal/modules/cjs/loader:1256:14)\n' +
    '    at Module._extensions..js (node:internal/modules/cjs/loader:1310:10)\n' +
    '    at Module.load (node:internal/modules/cjs/loader:1119:32)\n' +
    '    at Module._load (node:internal/modules/cjs/loader:960:12)\n' +
    '    at Module.require (node:internal/modules/cjs/loader:1143:19)',
  stack: "Error: Cannot find module 'moment'\n" +
    'Require stack:\n' +
    '- F:\\FYP-Project\\backend\\src\\utils\\query.js\n' +
    '- F:\\FYP-Project\\backend\\src\\controllers\\users.controllers.js\n' +
    '- F:\\FYP-Project\\backend\\src\\routes\\users.js\n' +
    '- F:\\FYP-Project\\backend\\app.js\n' +
    '- F:\\FYP-Project\\backend\\bin\\www\n' +
    '    at Module._resolveFilename (node:internal/modules/cjs/loader:1077:15)\n' +
    '    at Module._load (node:internal/modules/cjs/loader:922:27)\n' +
    '    at Module.require (node:internal/modules/cjs/loader:1143:19)\n' +
    '    at require (node:internal/modules/cjs/helpers:110:18)\n' +
    '    at Object.<anonymous> (F:\\FYP-Project\\backend\\src\\utils\\query.js:1:16)\n' +
    '    at Module._compile (node:internal/modules/cjs/loader:1256:14)\n' +
    '    at Module._extensions..js (node:internal/modules/cjs/loader:1310:10)\n' +
    '    at Module.load (node:internal/modules/cjs/loader:1119:32)\n' +
    '    at Module._load (node:internal/modules/cjs/loader:960:12)\n' +
    '    at Module.require (node:internal/modules/cjs/loader:1143:19)',
  exception: true,
  date: 'Fri Sep 08 2023 21:11:28 GMT+0500 (Pakistan Standard Time)',
  process: {
    pid: 1424,
    uid: null,
    gid: null,
    cwd: 'F:\\FYP-Project\\backend',
    execPath: 'C:\\Program Files\\nodejs\\node.exe',
    version: 'v18.16.1',
    argv: [
      'C:\\Program Files\\nodejs\\node.exe',
      'F:\\FYP-Project\\backend\\bin\\www'
    ],
    memoryUsage: {
      rss: 76345344,
      heapTotal: 40898560,
      heapUsed: 26139376,
      external: 19437154,
      arrayBuffers: 18486602
    }
  },
  os: { loadavg: [ 0, 0, 0 ], uptime: 33117.218 },
  trace: [
    {
      column: 15,
      file: 'node:internal/modules/cjs/loader',
      function: 'Module._resolveFilename',
      line: 1077,
      method: '_resolveFilename',
      native: false
    },
    {
      column: 27,
      file: 'node:internal/modules/cjs/loader',
      function: 'Module._load',
      line: 922,
      method: '_load',
      native: false
    },
    {
      column: 19,
      file: 'node:internal/modules/cjs/loader',
      function: 'Module.require',
      line: 1143,
      method: 'require',
      native: false
    },
    {
      column: 18,
      file: 'node:internal/modules/cjs/helpers',
      function: 'require',
      line: 110,
      method: null,
      native: false
    },
    {
      column: 16,
      file: 'F:\\FYP-Project\\backend\\src\\utils\\query.js',
      function: null,
      line: 1,
      method: null,
      native: false
    },
    {
      column: 14,
      file: 'node:internal/modules/cjs/loader',
      function: 'Module._compile',
      line: 1256,
      method: '_compile',
      native: false
    },
    {
      column: 10,
      file: 'node:internal/modules/cjs/loader',
      function: 'Module._extensions..js',
      line: 1310,
      method: '.js',
      native: false
    },
    {
      column: 32,
      file: 'node:internal/modules/cjs/loader',
      function: 'Module.load',
      line: 1119,
      method: 'load',
      native: false
    },
    {
      column: 12,
      file: 'node:internal/modules/cjs/loader',
      function: 'Module._load',
      line: 960,
      method: '_load',
      native: false
    },
    {
      column: 19,
      file: 'node:internal/modules/cjs/loader',
      function: 'Module.require',
      line: 1143,
      method: 'require',
      native: false
    }
  ],
  timestamp: '2023-09-08T16:11:28.545Z'
}
{
  message: '::1 - - [08/Sep/2023:16:12:40 +0000] "GET /admins/users?name=Ali HTTP/1.1" 200 39 "-" "PostmanRuntime/7.32.3"\n',
  level: 'info',
  timestamp: '2023-09-08T16:12:40.957Z'
}
{
  message: '::1 - - [08/Sep/2023:16:12:51 +0000] "GET /admins/users/64fb1ac1f985613708160e76 HTTP/1.1" 200 174 "-" "PostmanRuntime/7.32.3"\n',
  level: 'info',
  timestamp: '2023-09-08T16:12:51.976Z'
}
{
  message: '::1 - - [08/Sep/2023:16:13:17 +0000] "GET /admins/users?name=Ali%20Hussain HTTP/1.1" 200 176 "-" "PostmanRuntime/7.32.3"\n',
  level: 'info',
  timestamp: '2023-09-08T16:13:17.349Z'
}
{
  message: '::1 - - [08/Sep/2023:16:13:36 +0000] "GET /admins/users?name=ali%20hussain HTTP/1.1" 200 39 "-" "PostmanRuntime/7.32.3"\n',
  level: 'info',
  timestamp: '2023-09-08T16:13:36.484Z'
}
{
  message: '::1 - - [08/Sep/2023:16:13:46 +0000] "GET /admins/users?name=ali%20hussain HTTP/1.1" 200 39 "-" "PostmanRuntime/7.32.3"\n',
  level: 'info',
  timestamp: '2023-09-08T16:13:46.048Z'
}
{
  message: '::1 - - [08/Sep/2023:16:13:54 +0000] "GET /admins/users?name=Ali%20Hussain HTTP/1.1" 200 176 "-" "PostmanRuntime/7.32.3"\n',
  level: 'info',
  timestamp: '2023-09-08T16:13:54.996Z'
}
{
  message: '::1 - - [08/Sep/2023:16:21:01 +0000] "GET /admins/users?name=Ali%20Hussain HTTP/1.1" 200 176 "-" "PostmanRuntime/7.32.3"\n',
  level: 'info',
  timestamp: '2023-09-08T16:21:01.150Z'
}
{
  message: '::1 - - [08/Sep/2023:16:21:06 +0000] "GET /admins/users?name=Ali%20Hussain HTTP/1.1" 200 176 "-" "PostmanRuntime/7.32.3"\n',
  level: 'info',
  timestamp: '2023-09-08T16:21:06.673Z'
}
{
  message: '::1 - - [08/Sep/2023:16:21:13 +0000] "GET /admins/users?name=ali HTTP/1.1" 200 39 "-" "PostmanRuntime/7.32.3"\n',
  level: 'info',
  timestamp: '2023-09-08T16:21:13.197Z'
}
{
  message: '::1 - - [08/Sep/2023:16:21:24 +0000] "GET /admins/users?name=ali%20hussain HTTP/1.1" 200 39 "-" "PostmanRuntime/7.32.3"\n',
  level: 'info',
  timestamp: '2023-09-08T16:21:24.725Z'
}
{
  message: '::1 - - [08/Sep/2023:16:21:31 +0000] "GET /admins/users?name=Ali HTTP/1.1" 200 39 "-" "PostmanRuntime/7.32.3"\n',
  level: 'info',
  timestamp: '2023-09-08T16:21:31.373Z'
}
{
  message: '::1 - - [08/Sep/2023:16:21:40 +0000] "GET /admins/users?name=Ali%20Hussain HTTP/1.1" 200 176 "-" "PostmanRuntime/7.32.3"\n',
  level: 'info',
  timestamp: '2023-09-08T16:21:40.876Z'
}
{
  message: '::1 - - [08/Sep/2023:16:22:26 +0000] "GET /admins/users?name=Ali%20Hussain HTTP/1.1" 200 176 "-" "PostmanRuntime/7.32.3"\n',
  level: 'info',
  timestamp: '2023-09-08T16:22:26.343Z'
}
{
  message: '::1 - - [08/Sep/2023:16:22:35 +0000] "GET /admins/users?name=ali HTTP/1.1" 200 39 "-" "PostmanRuntime/7.32.3"\n',
  level: 'info',
  timestamp: '2023-09-08T16:22:35.698Z'
}
{
  message: '::1 - - [08/Sep/2023:16:22:41 +0000] "GET /admins/users?name=Ali HTTP/1.1" 200 39 "-" "PostmanRuntime/7.32.3"\n',
  level: 'info',
  timestamp: '2023-09-08T16:22:41.426Z'
}
{
  message: '::1 - - [08/Sep/2023:16:22:49 +0000] "GET /admins/users?name=%220 HTTP/1.1" 200 39 "-" "PostmanRuntime/7.32.3"\n',
  level: 'info',
  timestamp: '2023-09-08T16:22:49.403Z'
}
{
  message: '::1 - - [08/Sep/2023:16:22:55 +0000] "GET /admins/users?name=%20 HTTP/1.1" 200 39 "-" "PostmanRuntime/7.32.3"\n',
  level: 'info',
  timestamp: '2023-09-08T16:22:55.263Z'
}
{
  message: '::1 - - [08/Sep/2023:16:23:03 +0000] "GET /admins/users?name=ali%20hussain HTTP/1.1" 200 39 "-" "PostmanRuntime/7.32.3"\n',
  level: 'info',
  timestamp: '2023-09-08T16:23:03.919Z'
}
{
  message: '::1 - - [08/Sep/2023:16:23:06 +0000] "GET /admins/users?name=ali%20hussain HTTP/1.1" 200 39 "-" "PostmanRuntime/7.32.3"\n',
  level: 'info',
  timestamp: '2023-09-08T16:23:06.709Z'
}
{
  message: '::1 - - [08/Sep/2023:16:23:15 +0000] "GET /admins/users?name=Ali%20Hussain HTTP/1.1" 200 176 "-" "PostmanRuntime/7.32.3"\n',
  level: 'info',
  timestamp: '2023-09-08T16:23:15.013Z'
}
{
  message: '::1 - - [08/Sep/2023:16:24:36 +0000] "GET /admins/users?name=Ali%20Hussain HTTP/1.1" 200 176 "-" "PostmanRuntime/7.32.3"\n',
  level: 'info',
  timestamp: '2023-09-08T16:24:36.680Z'
}
{
  message: '::1 - - [08/Sep/2023:16:24:43 +0000] "GET /admins/users?name=Ali%20Hus HTTP/1.1" 200 39 "-" "PostmanRuntime/7.32.3"\n',
  level: 'info',
  timestamp: '2023-09-08T16:24:43.373Z'
}
{
  message: '::1 - - [08/Sep/2023:16:27:13 +0000] "GET /admins/users?name=Ali%20Hussain HTTP/1.1" 400 56 "-" "PostmanRuntime/7.32.3"\n',
  level: 'info',
  timestamp: '2023-09-08T16:27:13.902Z'
}
{
  message: '::1 - - [08/Sep/2023:16:27:20 +0000] "GET /admins/refreshTokenCall HTTP/1.1" 200 316 "-" "PostmanRuntime/7.32.3"\n',
  level: 'info',
  timestamp: '2023-09-08T16:27:20.297Z'
}
{
  message: '::1 - - [08/Sep/2023:16:27:23 +0000] "GET /admins/users?name=Ali%20Hussain HTTP/1.1" 200 176 "-" "PostmanRuntime/7.32.3"\n',
  level: 'info',
  timestamp: '2023-09-08T16:27:23.673Z'
}
{
  message: '::1 - - [08/Sep/2023:16:27:56 +0000] "GET /admins/users?name=Ali%20Hussain HTTP/1.1" 200 176 "-" "PostmanRuntime/7.32.3"\n',
  level: 'info',
  timestamp: '2023-09-08T16:27:56.477Z'
}
{
  message: '::1 - - [08/Sep/2023:16:28:06 +0000] "GET /admins/users?name=Ali HTTP/1.1" 200 39 "-" "PostmanRuntime/7.32.3"\n',
  level: 'info',
  timestamp: '2023-09-08T16:28:06.516Z'
}
{
  message: '::1 - - [08/Sep/2023:16:28:58 +0000] "GET /admins/users?name=Ali%20Hussain HTTP/1.1" 200 176 "-" "PostmanRuntime/7.32.3"\n',
  level: 'info',
  timestamp: '2023-09-08T16:28:58.868Z'
}
{
  message: '::1 - - [08/Sep/2023:16:29:07 +0000] "GET /admins/users?name=li HTTP/1.1" 200 39 "-" "PostmanRuntime/7.32.3"\n',
  level: 'info',
  timestamp: '2023-09-08T16:29:07.468Z'
}
{
  message: '::1 - - [08/Sep/2023:16:30:37 +0000] "GET /admins/users?name=Ali%20Hussain HTTP/1.1" 400 97 "-" "PostmanRuntime/7.32.3"\n',
  level: 'info',
  timestamp: '2023-09-08T16:30:37.434Z'
}
{
  message: '::1 - - [08/Sep/2023:16:34:24 +0000] "GET /admins/users?name=Ali%20Hussain HTTP/1.1" 200 176 "-" "PostmanRuntime/7.32.3"\n',
  level: 'info',
  timestamp: '2023-09-08T16:34:24.393Z'
}
{
  message: '::1 - - [08/Sep/2023:16:34:33 +0000] "GET /admins/users?name=Ali HTTP/1.1" 200 39 "-" "PostmanRuntime/7.32.3"\n',
  level: 'info',
  timestamp: '2023-09-08T16:34:33.837Z'
}
{
  message: '::1 - - [08/Sep/2023:16:34:35 +0000] "GET /admins/users?name=Ali HTTP/1.1" 200 39 "-" "PostmanRuntime/7.32.3"\n',
  level: 'info',
  timestamp: '2023-09-08T16:34:35.922Z'
}
{
  message: '::1 - - [08/Sep/2023:16:36:41 +0000] "GET /admins/users?name=Ali HTTP/1.1" 200 39 "-" "PostmanRuntime/7.32.3"\n',
  level: 'info',
  timestamp: '2023-09-08T16:36:41.727Z'
}
{
  message: '::1 - - [08/Sep/2023:16:36:52 +0000] "GET /admins/users?name=Ali%20Hussain HTTP/1.1" 200 176 "-" "PostmanRuntime/7.32.3"\n',
  level: 'info',
  timestamp: '2023-09-08T16:36:52.816Z'
}
{
  message: '::1 - - [08/Sep/2023:16:38:04 +0000] "GET /admins/users?name=g HTTP/1.1" 200 39 "-" "PostmanRuntime/7.32.3"\n',
  level: 'info',
  timestamp: '2023-09-08T16:38:04.754Z'
}
{
  message: '::1 - - [08/Sep/2023:16:38:06 +0000] "GET /admins/users?name=g HTTP/1.1" 200 39 "-" "PostmanRuntime/7.32.3"\n',
  level: 'info',
  timestamp: '2023-09-08T16:38:06.872Z'
}
{
  message: '::1 - - [08/Sep/2023:16:38:14 +0000] "GET /admins/users?name=Ali%20Hussain HTTP/1.1" 200 176 "-" "PostmanRuntime/7.32.3"\n',
  level: 'info',
  timestamp: '2023-09-08T16:38:14.297Z'
}
{
  message: '::1 - - [08/Sep/2023:16:38:57 +0000] "GET /admins/users?name=Ali%20Hussain HTTP/1.1" 200 176 "-" "PostmanRuntime/7.32.3"\n',
  level: 'info',
  timestamp: '2023-09-08T16:38:57.769Z'
}
{
  message: '::1 - - [08/Sep/2023:16:39:05 +0000] "GET /admins/users?name=j HTTP/1.1" 200 176 "-" "PostmanRuntime/7.32.3"\n',
  level: 'info',
  timestamp: '2023-09-08T16:39:05.543Z'
}
{
  message: '::1 - - [08/Sep/2023:16:42:12 +0000] "GET /admins/users?name=j HTTP/1.1" 200 39 "-" "PostmanRuntime/7.32.3"\n',
  level: 'info',
  timestamp: '2023-09-08T16:42:12.898Z'
}
{
  message: '::1 - - [08/Sep/2023:16:42:19 +0000] "GET /admins/users?name=a HTTP/1.1" 400 56 "-" "PostmanRuntime/7.32.3"\n',
  level: 'info',
  timestamp: '2023-09-08T16:42:19.952Z'
}
{
  message: '::1 - - [08/Sep/2023:16:42:31 +0000] "GET /admins/refreshTokenCall HTTP/1.1" 200 316 "-" "PostmanRuntime/7.32.3"\n',
  level: 'info',
  timestamp: '2023-09-08T16:42:31.617Z'
}
{
  message: '::1 - - [08/Sep/2023:16:42:35 +0000] "GET /admins/users?name=a HTTP/1.1" 200 176 "-" "PostmanRuntime/7.32.3"\n',
  level: 'info',
  timestamp: '2023-09-08T16:42:35.483Z'
}
{
  message: '::1 - - [08/Sep/2023:16:42:44 +0000] "GET /admins/users?name=ali HTTP/1.1" 200 176 "-" "PostmanRuntime/7.32.3"\n',
  level: 'info',
  timestamp: '2023-09-08T16:42:44.246Z'
}
{
  message: '::1 - - [08/Sep/2023:16:42:48 +0000] "GET /admins/users?name=alig HTTP/1.1" 200 39 "-" "PostmanRuntime/7.32.3"\n',
  level: 'info',
  timestamp: '2023-09-08T16:42:48.642Z'
}
{
  message: '::1 - - [08/Sep/2023:19:15:35 +0000] "GET /admins/users?name=ali HTTP/1.1" 400 56 "-" "PostmanRuntime/7.32.3"\n',
  level: 'info',
  timestamp: '2023-09-08T19:15:35.596Z'
}
{
  message: '::1 - - [08/Sep/2023:19:15:43 +0000] "GET /admins/refreshTokenCall HTTP/1.1" 200 316 "-" "PostmanRuntime/7.32.3"\n',
  level: 'info',
  timestamp: '2023-09-08T19:15:43.455Z'
}
{
  message: '::1 - - [08/Sep/2023:19:15:49 +0000] "GET /admins/users?name=ali HTTP/1.1" 200 176 "-" "PostmanRuntime/7.32.3"\n',
  level: 'info',
  timestamp: '2023-09-08T19:15:49.810Z'
}
{
  error: Error: Route.post() requires a callback function but got a [object Undefined]
      at Route.<computed> [as post] (F:\FYP-Project\backend\node_modules\express\lib\router\route.js:202:15)
      at proto.<computed> [as post] (F:\FYP-Project\backend\node_modules\express\lib\router\index.js:510:19)
      at Object.<anonymous> (F:\FYP-Project\backend\src\routes\admins.js:23:8)
      at Module._compile (node:internal/modules/cjs/loader:1256:14)
      at Module._extensions..js (node:internal/modules/cjs/loader:1310:10)
      at Module.load (node:internal/modules/cjs/loader:1119:32)
      at Module._load (node:internal/modules/cjs/loader:960:12)
      at Module.require (node:internal/modules/cjs/loader:1143:19)
      at require (node:internal/modules/cjs/helpers:110:18)
      at Object.<anonymous> (F:\FYP-Project\backend\app.js:15:20),
  level: 'error',
  message: 'uncaughtException: Route.post() requires a callback function but got a [object Undefined]\n' +
    'Error: Route.post() requires a callback function but got a [object Undefined]\n' +
    '    at Route.<computed> [as post] (F:\\FYP-Project\\backend\\node_modules\\express\\lib\\router\\route.js:202:15)\n' +
    '    at proto.<computed> [as post] (F:\\FYP-Project\\backend\\node_modules\\express\\lib\\router\\index.js:510:19)\n' +
    '    at Object.<anonymous> (F:\\FYP-Project\\backend\\src\\routes\\admins.js:23:8)\n' +
    '    at Module._compile (node:internal/modules/cjs/loader:1256:14)\n' +
    '    at Module._extensions..js (node:internal/modules/cjs/loader:1310:10)\n' +
    '    at Module.load (node:internal/modules/cjs/loader:1119:32)\n' +
    '    at Module._load (node:internal/modules/cjs/loader:960:12)\n' +
    '    at Module.require (node:internal/modules/cjs/loader:1143:19)\n' +
    '    at require (node:internal/modules/cjs/helpers:110:18)\n' +
    '    at Object.<anonymous> (F:\\FYP-Project\\backend\\app.js:15:20)',
  stack: 'Error: Route.post() requires a callback function but got a [object Undefined]\n' +
    '    at Route.<computed> [as post] (F:\\FYP-Project\\backend\\node_modules\\express\\lib\\router\\route.js:202:15)\n' +
    '    at proto.<computed> [as post] (F:\\FYP-Project\\backend\\node_modules\\express\\lib\\router\\index.js:510:19)\n' +
    '    at Object.<anonymous> (F:\\FYP-Project\\backend\\src\\routes\\admins.js:23:8)\n' +
    '    at Module._compile (node:internal/modules/cjs/loader:1256:14)\n' +
    '    at Module._extensions..js (node:internal/modules/cjs/loader:1310:10)\n' +
    '    at Module.load (node:internal/modules/cjs/loader:1119:32)\n' +
    '    at Module._load (node:internal/modules/cjs/loader:960:12)\n' +
    '    at Module.require (node:internal/modules/cjs/loader:1143:19)\n' +
    '    at require (node:internal/modules/cjs/helpers:110:18)\n' +
    '    at Object.<anonymous> (F:\\FYP-Project\\backend\\app.js:15:20)',
  exception: true,
  date: 'Sat Sep 09 2023 00:19:20 GMT+0500 (Pakistan Standard Time)',
  process: {
    pid: 8976,
    uid: null,
    gid: null,
    cwd: 'F:\\FYP-Project\\backend',
    execPath: 'C:\\Program Files\\nodejs\\node.exe',
    version: 'v18.16.1',
    argv: [
      'C:\\Program Files\\nodejs\\node.exe',
      'F:\\FYP-Project\\backend\\bin\\www'
    ],
    memoryUsage: {
      rss: 76603392,
      heapTotal: 41603072,
      heapUsed: 27188592,
      external: 19602861,
      arrayBuffers: 18652309
    }
  },
  os: { loadavg: [ 0, 0, 0 ], uptime: 44389.296 },
  trace: [
    {
      column: 15,
      file: 'F:\\FYP-Project\\backend\\node_modules\\express\\lib\\router\\route.js',
      function: 'Route.<computed> [as post]',
      line: 202,
      method: '<computed> [as post]',
      native: false
    },
    {
      column: 19,
      file: 'F:\\FYP-Project\\backend\\node_modules\\express\\lib\\router\\index.js',
      function: 'proto.<computed> [as post]',
      line: 510,
      method: '<computed> [as post]',
      native: false
    },
    {
      column: 8,
      file: 'F:\\FYP-Project\\backend\\src\\routes\\admins.js',
      function: null,
      line: 23,
      method: null,
      native: false
    },
    {
      column: 14,
      file: 'node:internal/modules/cjs/loader',
      function: 'Module._compile',
      line: 1256,
      method: '_compile',
      native: false
    },
    {
      column: 10,
      file: 'node:internal/modules/cjs/loader',
      function: 'Module._extensions..js',
      line: 1310,
      method: '.js',
      native: false
    },
    {
      column: 32,
      file: 'node:internal/modules/cjs/loader',
      function: 'Module.load',
      line: 1119,
      method: 'load',
      native: false
    },
    {
      column: 12,
      file: 'node:internal/modules/cjs/loader',
      function: 'Module._load',
      line: 960,
      method: '_load',
      native: false
    },
    {
      column: 19,
      file: 'node:internal/modules/cjs/loader',
      function: 'Module.require',
      line: 1143,
      method: 'require',
      native: false
    },
    {
      column: 18,
      file: 'node:internal/modules/cjs/helpers',
      function: 'require',
      line: 110,
      method: null,
      native: false
    },
    {
      column: 20,
      file: 'F:\\FYP-Project\\backend\\app.js',
      function: null,
      line: 15,
      method: null,
      native: false
    }
  ],
  timestamp: '2023-09-08T19:19:20.619Z'
}
{
  error: Error: Route.post() requires a callback function but got a [object Undefined]
      at Route.<computed> [as post] (F:\FYP-Project\backend\node_modules\express\lib\router\route.js:202:15)
      at proto.<computed> [as post] (F:\FYP-Project\backend\node_modules\express\lib\router\index.js:510:19)
      at Object.<anonymous> (F:\FYP-Project\backend\src\routes\admins.js:23:8)
      at Module._compile (node:internal/modules/cjs/loader:1256:14)
      at Module._extensions..js (node:internal/modules/cjs/loader:1310:10)
      at Module.load (node:internal/modules/cjs/loader:1119:32)
      at Module._load (node:internal/modules/cjs/loader:960:12)
      at Module.require (node:internal/modules/cjs/loader:1143:19)
      at require (node:internal/modules/cjs/helpers:110:18)
      at Object.<anonymous> (F:\FYP-Project\backend\app.js:15:20),
  level: 'error',
  message: 'uncaughtException: Route.post() requires a callback function but got a [object Undefined]\n' +
    'Error: Route.post() requires a callback function but got a [object Undefined]\n' +
    '    at Route.<computed> [as post] (F:\\FYP-Project\\backend\\node_modules\\express\\lib\\router\\route.js:202:15)\n' +
    '    at proto.<computed> [as post] (F:\\FYP-Project\\backend\\node_modules\\express\\lib\\router\\index.js:510:19)\n' +
    '    at Object.<anonymous> (F:\\FYP-Project\\backend\\src\\routes\\admins.js:23:8)\n' +
    '    at Module._compile (node:internal/modules/cjs/loader:1256:14)\n' +
    '    at Module._extensions..js (node:internal/modules/cjs/loader:1310:10)\n' +
    '    at Module.load (node:internal/modules/cjs/loader:1119:32)\n' +
    '    at Module._load (node:internal/modules/cjs/loader:960:12)\n' +
    '    at Module.require (node:internal/modules/cjs/loader:1143:19)\n' +
    '    at require (node:internal/modules/cjs/helpers:110:18)\n' +
    '    at Object.<anonymous> (F:\\FYP-Project\\backend\\app.js:15:20)',
  stack: 'Error: Route.post() requires a callback function but got a [object Undefined]\n' +
    '    at Route.<computed> [as post] (F:\\FYP-Project\\backend\\node_modules\\express\\lib\\router\\route.js:202:15)\n' +
    '    at proto.<computed> [as post] (F:\\FYP-Project\\backend\\node_modules\\express\\lib\\router\\index.js:510:19)\n' +
    '    at Object.<anonymous> (F:\\FYP-Project\\backend\\src\\routes\\admins.js:23:8)\n' +
    '    at Module._compile (node:internal/modules/cjs/loader:1256:14)\n' +
    '    at Module._extensions..js (node:internal/modules/cjs/loader:1310:10)\n' +
    '    at Module.load (node:internal/modules/cjs/loader:1119:32)\n' +
    '    at Module._load (node:internal/modules/cjs/loader:960:12)\n' +
    '    at Module.require (node:internal/modules/cjs/loader:1143:19)\n' +
    '    at require (node:internal/modules/cjs/helpers:110:18)\n' +
    '    at Object.<anonymous> (F:\\FYP-Project\\backend\\app.js:15:20)',
  exception: true,
  date: 'Sat Sep 09 2023 00:19:38 GMT+0500 (Pakistan Standard Time)',
  process: {
    pid: 1476,
    uid: null,
    gid: null,
    cwd: 'F:\\FYP-Project\\backend',
    execPath: 'C:\\Program Files\\nodejs\\node.exe',
    version: 'v18.16.1',
    argv: [
      'C:\\Program Files\\nodejs\\node.exe',
      'F:\\FYP-Project\\backend\\bin\\www'
    ],
    memoryUsage: {
      rss: 76603392,
      heapTotal: 41865216,
      heapUsed: 27317752,
      external: 19611053,
      arrayBuffers: 18660501
    }
  },
  os: { loadavg: [ 0, 0, 0 ], uptime: 44407.187 },
  trace: [
    {
      column: 15,
      file: 'F:\\FYP-Project\\backend\\node_modules\\express\\lib\\router\\route.js',
      function: 'Route.<computed> [as post]',
      line: 202,
      method: '<computed> [as post]',
      native: false
    },
    {
      column: 19,
      file: 'F:\\FYP-Project\\backend\\node_modules\\express\\lib\\router\\index.js',
      function: 'proto.<computed> [as post]',
      line: 510,
      method: '<computed> [as post]',
      native: false
    },
    {
      column: 8,
      file: 'F:\\FYP-Project\\backend\\src\\routes\\admins.js',
      function: null,
      line: 23,
      method: null,
      native: false
    },
    {
      column: 14,
      file: 'node:internal/modules/cjs/loader',
      function: 'Module._compile',
      line: 1256,
      method: '_compile',
      native: false
    },
    {
      column: 10,
      file: 'node:internal/modules/cjs/loader',
      function: 'Module._extensions..js',
      line: 1310,
      method: '.js',
      native: false
    },
    {
      column: 32,
      file: 'node:internal/modules/cjs/loader',
      function: 'Module.load',
      line: 1119,
      method: 'load',
      native: false
    },
    {
      column: 12,
      file: 'node:internal/modules/cjs/loader',
      function: 'Module._load',
      line: 960,
      method: '_load',
      native: false
    },
    {
      column: 19,
      file: 'node:internal/modules/cjs/loader',
      function: 'Module.require',
      line: 1143,
      method: 'require',
      native: false
    },
    {
      column: 18,
      file: 'node:internal/modules/cjs/helpers',
      function: 'require',
      line: 110,
      method: null,
      native: false
    },
    {
      column: 20,
      file: 'F:\\FYP-Project\\backend\\app.js',
      function: null,
      line: 15,
      method: null,
      native: false
    }
  ],
  timestamp: '2023-09-08T19:19:38.509Z'
}
{
  error: Error: Route.post() requires a callback function but got a [object Undefined]
      at Route.<computed> [as post] (F:\FYP-Project\backend\node_modules\express\lib\router\route.js:202:15)
      at proto.<computed> [as post] (F:\FYP-Project\backend\node_modules\express\lib\router\index.js:510:19)
      at Object.<anonymous> (F:\FYP-Project\backend\src\routes\admins.js:23:8)
      at Module._compile (node:internal/modules/cjs/loader:1256:14)
      at Module._extensions..js (node:internal/modules/cjs/loader:1310:10)
      at Module.load (node:internal/modules/cjs/loader:1119:32)
      at Module._load (node:internal/modules/cjs/loader:960:12)
      at Module.require (node:internal/modules/cjs/loader:1143:19)
      at require (node:internal/modules/cjs/helpers:110:18)
      at Object.<anonymous> (F:\FYP-Project\backend\app.js:15:20),
  level: 'error',
  message: 'uncaughtException: Route.post() requires a callback function but got a [object Undefined]\n' +
    'Error: Route.post() requires a callback function but got a [object Undefined]\n' +
    '    at Route.<computed> [as post] (F:\\FYP-Project\\backend\\node_modules\\express\\lib\\router\\route.js:202:15)\n' +
    '    at proto.<computed> [as post] (F:\\FYP-Project\\backend\\node_modules\\express\\lib\\router\\index.js:510:19)\n' +
    '    at Object.<anonymous> (F:\\FYP-Project\\backend\\src\\routes\\admins.js:23:8)\n' +
    '    at Module._compile (node:internal/modules/cjs/loader:1256:14)\n' +
    '    at Module._extensions..js (node:internal/modules/cjs/loader:1310:10)\n' +
    '    at Module.load (node:internal/modules/cjs/loader:1119:32)\n' +
    '    at Module._load (node:internal/modules/cjs/loader:960:12)\n' +
    '    at Module.require (node:internal/modules/cjs/loader:1143:19)\n' +
    '    at require (node:internal/modules/cjs/helpers:110:18)\n' +
    '    at Object.<anonymous> (F:\\FYP-Project\\backend\\app.js:15:20)',
  stack: 'Error: Route.post() requires a callback function but got a [object Undefined]\n' +
    '    at Route.<computed> [as post] (F:\\FYP-Project\\backend\\node_modules\\express\\lib\\router\\route.js:202:15)\n' +
    '    at proto.<computed> [as post] (F:\\FYP-Project\\backend\\node_modules\\express\\lib\\router\\index.js:510:19)\n' +
    '    at Object.<anonymous> (F:\\FYP-Project\\backend\\src\\routes\\admins.js:23:8)\n' +
    '    at Module._compile (node:internal/modules/cjs/loader:1256:14)\n' +
    '    at Module._extensions..js (node:internal/modules/cjs/loader:1310:10)\n' +
    '    at Module.load (node:internal/modules/cjs/loader:1119:32)\n' +
    '    at Module._load (node:internal/modules/cjs/loader:960:12)\n' +
    '    at Module.require (node:internal/modules/cjs/loader:1143:19)\n' +
    '    at require (node:internal/modules/cjs/helpers:110:18)\n' +
    '    at Object.<anonymous> (F:\\FYP-Project\\backend\\app.js:15:20)',
  exception: true,
  date: 'Sat Sep 09 2023 00:20:40 GMT+0500 (Pakistan Standard Time)',
  process: {
    pid: 13752,
    uid: null,
    gid: null,
    cwd: 'F:\\FYP-Project\\backend',
    execPath: 'C:\\Program Files\\nodejs\\node.exe',
    version: 'v18.16.1',
    argv: [
      'C:\\Program Files\\nodejs\\node.exe',
      'F:\\FYP-Project\\backend\\bin\\www'
    ],
    memoryUsage: {
      rss: 77139968,
      heapTotal: 41603072,
      heapUsed: 27304888,
      external: 19611053,
      arrayBuffers: 18660501
    }
  },
  os: { loadavg: [ 0, 0, 0 ], uptime: 44469.64 },
  trace: [
    {
      column: 15,
      file: 'F:\\FYP-Project\\backend\\node_modules\\express\\lib\\router\\route.js',
      function: 'Route.<computed> [as post]',
      line: 202,
      method: '<computed> [as post]',
      native: false
    },
    {
      column: 19,
      file: 'F:\\FYP-Project\\backend\\node_modules\\express\\lib\\router\\index.js',
      function: 'proto.<computed> [as post]',
      line: 510,
      method: '<computed> [as post]',
      native: false
    },
    {
      column: 8,
      file: 'F:\\FYP-Project\\backend\\src\\routes\\admins.js',
      function: null,
      line: 23,
      method: null,
      native: false
    },
    {
      column: 14,
      file: 'node:internal/modules/cjs/loader',
      function: 'Module._compile',
      line: 1256,
      method: '_compile',
      native: false
    },
    {
      column: 10,
      file: 'node:internal/modules/cjs/loader',
      function: 'Module._extensions..js',
      line: 1310,
      method: '.js',
      native: false
    },
    {
      column: 32,
      file: 'node:internal/modules/cjs/loader',
      function: 'Module.load',
      line: 1119,
      method: 'load',
      native: false
    },
    {
      column: 12,
      file: 'node:internal/modules/cjs/loader',
      function: 'Module._load',
      line: 960,
      method: '_load',
      native: false
    },
    {
      column: 19,
      file: 'node:internal/modules/cjs/loader',
      function: 'Module.require',
      line: 1143,
      method: 'require',
      native: false
    },
    {
      column: 18,
      file: 'node:internal/modules/cjs/helpers',
      function: 'require',
      line: 110,
      method: null,
      native: false
    },
    {
      column: 20,
      file: 'F:\\FYP-Project\\backend\\app.js',
      function: null,
      line: 15,
      method: null,
      native: false
    }
  ],
  timestamp: '2023-09-08T19:20:40.969Z'
}
{
  error: ReferenceError: viewAdmins is not defined
      at Object.<anonymous> (F:\FYP-Project\backend\src\controllers\admins.controllers.js:169:15)
      at Module._compile (node:internal/modules/cjs/loader:1256:14)
      at Module._extensions..js (node:internal/modules/cjs/loader:1310:10)
      at Module.load (node:internal/modules/cjs/loader:1119:32)
      at Module._load (node:internal/modules/cjs/loader:960:12)
      at Module.require (node:internal/modules/cjs/loader:1143:19)
      at require (node:internal/modules/cjs/helpers:110:18)
      at Object.<anonymous> (F:\FYP-Project\backend\src\routes\admins.js:3:25)
      at Module._compile (node:internal/modules/cjs/loader:1256:14)
      at Module._extensions..js (node:internal/modules/cjs/loader:1310:10),
  level: 'error',
  message: 'uncaughtException: viewAdmins is not defined\n' +
    'ReferenceError: viewAdmins is not defined\n' +
    '    at Object.<anonymous> (F:\\FYP-Project\\backend\\src\\controllers\\admins.controllers.js:169:15)\n' +
    '    at Module._compile (node:internal/modules/cjs/loader:1256:14)\n' +
    '    at Module._extensions..js (node:internal/modules/cjs/loader:1310:10)\n' +
    '    at Module.load (node:internal/modules/cjs/loader:1119:32)\n' +
    '    at Module._load (node:internal/modules/cjs/loader:960:12)\n' +
    '    at Module.require (node:internal/modules/cjs/loader:1143:19)\n' +
    '    at require (node:internal/modules/cjs/helpers:110:18)\n' +
    '    at Object.<anonymous> (F:\\FYP-Project\\backend\\src\\routes\\admins.js:3:25)\n' +
    '    at Module._compile (node:internal/modules/cjs/loader:1256:14)\n' +
    '    at Module._extensions..js (node:internal/modules/cjs/loader:1310:10)',
  stack: 'ReferenceError: viewAdmins is not defined\n' +
    '    at Object.<anonymous> (F:\\FYP-Project\\backend\\src\\controllers\\admins.controllers.js:169:15)\n' +
    '    at Module._compile (node:internal/modules/cjs/loader:1256:14)\n' +
    '    at Module._extensions..js (node:internal/modules/cjs/loader:1310:10)\n' +
    '    at Module.load (node:internal/modules/cjs/loader:1119:32)\n' +
    '    at Module._load (node:internal/modules/cjs/loader:960:12)\n' +
    '    at Module.require (node:internal/modules/cjs/loader:1143:19)\n' +
    '    at require (node:internal/modules/cjs/helpers:110:18)\n' +
    '    at Object.<anonymous> (F:\\FYP-Project\\backend\\src\\routes\\admins.js:3:25)\n' +
    '    at Module._compile (node:internal/modules/cjs/loader:1256:14)\n' +
    '    at Module._extensions..js (node:internal/modules/cjs/loader:1310:10)',
  exception: true,
  date: 'Sat Sep 09 2023 00:21:07 GMT+0500 (Pakistan Standard Time)',
  process: {
    pid: 14060,
    uid: null,
    gid: null,
    cwd: 'F:\\FYP-Project\\backend',
    execPath: 'C:\\Program Files\\nodejs\\node.exe',
    version: 'v18.16.1',
    argv: [
      'C:\\Program Files\\nodejs\\node.exe',
      'F:\\FYP-Project\\backend\\bin\\www'
    ],
    memoryUsage: {
      rss: 76578816,
      heapTotal: 41603072,
      heapUsed: 27308128,
      external: 19614482,
      arrayBuffers: 18663930
    }
  },
  os: { loadavg: [ 0, 0, 0 ], uptime: 44496.671 },
  trace: [
    {
      column: 15,
      file: 'F:\\FYP-Project\\backend\\src\\controllers\\admins.controllers.js',
      function: null,
      line: 169,
      method: null,
      native: false
    },
    {
      column: 14,
      file: 'node:internal/modules/cjs/loader',
      function: 'Module._compile',
      line: 1256,
      method: '_compile',
      native: false
    },
    {
      column: 10,
      file: 'node:internal/modules/cjs/loader',
      function: 'Module._extensions..js',
      line: 1310,
      method: '.js',
      native: false
    },
    {
      column: 32,
      file: 'node:internal/modules/cjs/loader',
      function: 'Module.load',
      line: 1119,
      method: 'load',
      native: false
    },
    {
      column: 12,
      file: 'node:internal/modules/cjs/loader',
      function: 'Module._load',
      line: 960,
      method: '_load',
      native: false
    },
    {
      column: 19,
      file: 'node:internal/modules/cjs/loader',
      function: 'Module.require',
      line: 1143,
      method: 'require',
      native: false
    },
    {
      column: 18,
      file: 'node:internal/modules/cjs/helpers',
      function: 'require',
      line: 110,
      method: null,
      native: false
    },
    {
      column: 25,
      file: 'F:\\FYP-Project\\backend\\src\\routes\\admins.js',
      function: null,
      line: 3,
      method: null,
      native: false
    },
    {
      column: 14,
      file: 'node:internal/modules/cjs/loader',
      function: 'Module._compile',
      line: 1256,
      method: '_compile',
      native: false
    },
    {
      column: 10,
      file: 'node:internal/modules/cjs/loader',
      function: 'Module._extensions..js',
      line: 1310,
      method: '.js',
      native: false
    }
  ],
  timestamp: '2023-09-08T19:21:08.003Z'
}
{
  error: ReferenceError: viewSpecificAdmin is not defined
      at Object.<anonymous> (F:\FYP-Project\backend\src\controllers\admins.controllers.js:169:27)
      at Module._compile (node:internal/modules/cjs/loader:1256:14)
      at Module._extensions..js (node:internal/modules/cjs/loader:1310:10)
      at Module.load (node:internal/modules/cjs/loader:1119:32)
      at Module._load (node:internal/modules/cjs/loader:960:12)
      at Module.require (node:internal/modules/cjs/loader:1143:19)
      at require (node:internal/modules/cjs/helpers:110:18)
      at Object.<anonymous> (F:\FYP-Project\backend\src\routes\admins.js:3:25)
      at Module._compile (node:internal/modules/cjs/loader:1256:14)
      at Module._extensions..js (node:internal/modules/cjs/loader:1310:10),
  level: 'error',
  message: 'uncaughtException: viewSpecificAdmin is not defined\n' +
    'ReferenceError: viewSpecificAdmin is not defined\n' +
    '    at Object.<anonymous> (F:\\FYP-Project\\backend\\src\\controllers\\admins.controllers.js:169:27)\n' +
    '    at Module._compile (node:internal/modules/cjs/loader:1256:14)\n' +
    '    at Module._extensions..js (node:internal/modules/cjs/loader:1310:10)\n' +
    '    at Module.load (node:internal/modules/cjs/loader:1119:32)\n' +
    '    at Module._load (node:internal/modules/cjs/loader:960:12)\n' +
    '    at Module.require (node:internal/modules/cjs/loader:1143:19)\n' +
    '    at require (node:internal/modules/cjs/helpers:110:18)\n' +
    '    at Object.<anonymous> (F:\\FYP-Project\\backend\\src\\routes\\admins.js:3:25)\n' +
    '    at Module._compile (node:internal/modules/cjs/loader:1256:14)\n' +
    '    at Module._extensions..js (node:internal/modules/cjs/loader:1310:10)',
  stack: 'ReferenceError: viewSpecificAdmin is not defined\n' +
    '    at Object.<anonymous> (F:\\FYP-Project\\backend\\src\\controllers\\admins.controllers.js:169:27)\n' +
    '    at Module._compile (node:internal/modules/cjs/loader:1256:14)\n' +
    '    at Module._extensions..js (node:internal/modules/cjs/loader:1310:10)\n' +
    '    at Module.load (node:internal/modules/cjs/loader:1119:32)\n' +
    '    at Module._load (node:internal/modules/cjs/loader:960:12)\n' +
    '    at Module.require (node:internal/modules/cjs/loader:1143:19)\n' +
    '    at require (node:internal/modules/cjs/helpers:110:18)\n' +
    '    at Object.<anonymous> (F:\\FYP-Project\\backend\\src\\routes\\admins.js:3:25)\n' +
    '    at Module._compile (node:internal/modules/cjs/loader:1256:14)\n' +
    '    at Module._extensions..js (node:internal/modules/cjs/loader:1310:10)',
  exception: true,
  date: 'Sat Sep 09 2023 00:21:20 GMT+0500 (Pakistan Standard Time)',
  process: {
    pid: 9860,
    uid: null,
    gid: null,
    cwd: 'F:\\FYP-Project\\backend',
    execPath: 'C:\\Program Files\\nodejs\\node.exe',
    version: 'v18.16.1',
    argv: [
      'C:\\Program Files\\nodejs\\node.exe',
      'F:\\FYP-Project\\backend\\bin\\www'
    ],
    memoryUsage: {
      rss: 76836864,
      heapTotal: 41340928,
      heapUsed: 27181960,
      external: 19602910,
      arrayBuffers: 18652358
    }
  },
  os: { loadavg: [ 0, 0, 0 ], uptime: 44509.093 },
  trace: [
    {
      column: 27,
      file: 'F:\\FYP-Project\\backend\\src\\controllers\\admins.controllers.js',
      function: null,
      line: 169,
      method: null,
      native: false
    },
    {
      column: 14,
      file: 'node:internal/modules/cjs/loader',
      function: 'Module._compile',
      line: 1256,
      method: '_compile',
      native: false
    },
    {
      column: 10,
      file: 'node:internal/modules/cjs/loader',
      function: 'Module._extensions..js',
      line: 1310,
      method: '.js',
      native: false
    },
    {
      column: 32,
      file: 'node:internal/modules/cjs/loader',
      function: 'Module.load',
      line: 1119,
      method: 'load',
      native: false
    },
    {
      column: 12,
      file: 'node:internal/modules/cjs/loader',
      function: 'Module._load',
      line: 960,
      method: '_load',
      native: false
    },
    {
      column: 19,
      file: 'node:internal/modules/cjs/loader',
      function: 'Module.require',
      line: 1143,
      method: 'require',
      native: false
    },
    {
      column: 18,
      file: 'node:internal/modules/cjs/helpers',
      function: 'require',
      line: 110,
      method: null,
      native: false
    },
    {
      column: 25,
      file: 'F:\\FYP-Project\\backend\\src\\routes\\admins.js',
      function: null,
      line: 3,
      method: null,
      native: false
    },
    {
      column: 14,
      file: 'node:internal/modules/cjs/loader',
      function: 'Module._compile',
      line: 1256,
      method: '_compile',
      native: false
    },
    {
      column: 10,
      file: 'node:internal/modules/cjs/loader',
      function: 'Module._extensions..js',
      line: 1310,
      method: '.js',
      native: false
    }
  ],
  timestamp: '2023-09-08T19:21:20.418Z'
}
{
  message: '::1 - - [08/Sep/2023:19:30:27 +0000] "POST /admins/admins HTTP/1.1" 401 65 "-" "PostmanRuntime/7.32.3"\n',
  level: 'info',
  timestamp: '2023-09-08T19:30:27.723Z'
}
{
  message: '::1 - - [08/Sep/2023:19:30:40 +0000] "POST /admins/admins HTTP/1.1" 201 177 "-" "PostmanRuntime/7.32.3"\n',
  level: 'info',
  timestamp: '2023-09-08T19:30:40.195Z'
}
{
  message: '::1 - - [08/Sep/2023:19:31:09 +0000] "GET /admins/admins/64fb765f28e754ad77ed7995 HTTP/1.1" 401 65 "-" "PostmanRuntime/7.32.3"\n',
  level: 'info',
  timestamp: '2023-09-08T19:31:09.152Z'
}
{
  message: '::1 - - [08/Sep/2023:19:31:22 +0000] "GET /admins/admins/64fb765f28e754ad77ed7995 HTTP/1.1" 400 56 "-" "PostmanRuntime/7.32.3"\n',
  level: 'info',
  timestamp: '2023-09-08T19:31:22.726Z'
}
{
  message: '::1 - - [08/Sep/2023:19:31:28 +0000] "GET /admins/refreshTokenCall HTTP/1.1" 200 316 "-" "PostmanRuntime/7.32.3"\n',
  level: 'info',
  timestamp: '2023-09-08T19:31:28.469Z'
}
{
  message: '::1 - - [08/Sep/2023:19:31:32 +0000] "GET /admins/admins/64fb765f28e754ad77ed7995 HTTP/1.1" 400 67 "-" "PostmanRuntime/7.32.3"\n',
  level: 'info',
  timestamp: '2023-09-08T19:31:32.318Z'
}
{
  message: '::1 - - [08/Sep/2023:19:32:23 +0000] "GET /admins/admins/64fb765f28e754ad77ed7995 HTTP/1.1" 200 176 "-" "PostmanRuntime/7.32.3"\n',
  level: 'info',
  timestamp: '2023-09-08T19:32:23.052Z'
}
{
  message: '::1 - - [08/Sep/2023:19:36:35 +0000] "GET /admins/admins/name=Ali HTTP/1.1" 401 65 "-" "PostmanRuntime/7.32.3"\n',
  level: 'info',
  timestamp: '2023-09-08T19:36:35.572Z'
}
{
  message: '::1 - - [08/Sep/2023:19:36:42 +0000] "GET /admins/admins/name=Ali HTTP/1.1" 400 71 "-" "PostmanRuntime/7.32.3"\n',
  level: 'info',
  timestamp: '2023-09-08T19:36:42.767Z'
}
{
  message: '::1 - - [08/Sep/2023:19:36:47 +0000] "GET /admins/admins/name=Ali HTTP/1.1" 400 71 "-" "PostmanRuntime/7.32.3"\n',
  level: 'info',
  timestamp: '2023-09-08T19:36:47.691Z'
}
{
  message: '::1 - - [08/Sep/2023:19:38:13 +0000] "GET /admins/admins/name=Ali HTTP/1.1" 500 143 "-" "PostmanRuntime/7.32.3"\n',
  level: 'info',
  timestamp: '2023-09-08T19:38:13.035Z'
}
{
  message: '::1 - - [08/Sep/2023:19:38:19 +0000] "GET /admins/admins/name=Ali HTTP/1.1" 500 143 "-" "PostmanRuntime/7.32.3"\n',
  level: 'info',
  timestamp: '2023-09-08T19:38:19.756Z'
}
{
  message: '::1 - - [08/Sep/2023:19:38:48 +0000] "GET /admins/admins?name=Ali HTTP/1.1" 400 70 "-" "PostmanRuntime/7.32.3"\n',
  level: 'info',
  timestamp: '2023-09-08T19:38:48.956Z'
}
{
  message: '::1 - - [08/Sep/2023:19:41:12 +0000] "GET /admins/admins?name=Ali HTTP/1.1" 200 176 "-" "PostmanRuntime/7.32.3"\n',
  level: 'info',
  timestamp: '2023-09-08T19:41:12.121Z'
}
{
  message: '::1 - - [08/Sep/2023:19:43:44 +0000] "GET /admins/me HTTP/1.1" 401 65 "-" "PostmanRuntime/7.32.3"\n',
  level: 'info',
  timestamp: '2023-09-08T19:43:44.451Z'
}
{
  message: '::1 - - [08/Sep/2023:19:43:51 +0000] "GET /admins/me HTTP/1.1" 200 837 "-" "PostmanRuntime/7.32.3"\n',
  level: 'info',
  timestamp: '2023-09-08T19:43:51.932Z'
}
